2022-03-31 17:41:50 INFO  -[traceid: ] -[background-preinit] org.hibernate.validator.internal.util.Version.<clinit>:21  HV000001: Hibernate Validator 6.2.0.Final
2022-03-31 17:41:50 INFO  -[traceid: ] -[main] com.tools.commonservice.CommonServiceApplication.logStarting:55  Starting CommonServiceApplication using Java 1.8.0_302 on gaoooyh-3.local with PID 30401 (/Users/gaoyinghan/workspace/myPorject/common-service/build/classes/java/main started by gaoyinghan in /Users/gaoyinghan/workspace/myPorject/common-service)
2022-03-31 17:41:50 INFO  -[traceid: ] -[main] com.tools.commonservice.CommonServiceApplication.logStartupProfileInfo:635  No active profile set, falling back to default profiles: default
2022-03-31 17:41:50 INFO  -[traceid: ] -[main] org.springframework.data.repository.config.RepositoryConfigurationDelegate.multipleStoresDetected:262  Multiple Spring Data modules found, entering strict repository configuration mode!
2022-03-31 17:41:50 INFO  -[traceid: ] -[main] org.springframework.data.repository.config.RepositoryConfigurationDelegate.registerRepositoriesIn:132  Bootstrapping Spring Data Redis repositories in DEFAULT mode.
2022-03-31 17:41:50 INFO  -[traceid: ] -[main] org.springframework.data.repository.config.RepositoryConfigurationDelegate.registerRepositoriesIn:201  Finished Spring Data repository scanning in 4 ms. Found 0 Redis repository interfaces.
2022-03-31 17:41:50 WARN  -[traceid: ] -[main] org.mybatis.spring.mapper.ClassPathMapperScanner.warn:44  No MyBatis mapper was found in '[com.example.demo.mapper]' package. Please check your configuration.
2022-03-31 17:41:50 INFO  -[traceid: ] -[main] org.springframework.boot.web.embedded.tomcat.TomcatWebServer.initialize:108  Tomcat initialized with port(s): 8080 (http)
2022-03-31 17:41:50 INFO  -[traceid: ] -[main] org.apache.coyote.http11.Http11NioProtocol.log:173  Initializing ProtocolHandler ["http-nio-8080"]
2022-03-31 17:41:50 INFO  -[traceid: ] -[main] org.apache.catalina.core.StandardService.log:173  Starting service [Tomcat]
2022-03-31 17:41:50 INFO  -[traceid: ] -[main] org.apache.catalina.core.StandardEngine.log:173  Starting Servlet engine: [Apache Tomcat/9.0.56]
2022-03-31 17:41:50 INFO  -[traceid: ] -[main] org.apache.catalina.core.ContainerBase.[Tomcat].[localhost].[/].log:173  Initializing Spring embedded WebApplicationContext
2022-03-31 17:41:50 INFO  -[traceid: ] -[main] org.springframework.boot.web.servlet.context.ServletWebServerApplicationContext.prepareWebApplicationContext:290  Root WebApplicationContext: initialization completed in 628 ms
2022-03-31 17:41:51 WARN  -[traceid: ] -[main] org.springframework.boot.web.servlet.context.AnnotationConfigServletWebServerApplicationContext.refresh:591  Exception encountered during context initialization - cancelling refresh attempt: org.springframework.beans.factory.BeanCreationException: Error creating bean with name 'loginController': Injection of resource dependencies failed; nested exception is org.springframework.beans.factory.BeanCreationException: Error creating bean with name 'userServiceImpl': Injection of resource dependencies failed; nested exception is org.springframework.beans.factory.NoSuchBeanDefinitionException: No qualifying bean of type 'com.tools.commonservice.mapper.UserMapper' available: expected at least 1 bean which qualifies as autowire candidate. Dependency annotations: {@javax.annotation.Resource(shareable=true, lookup=, name=, description=, authenticationType=CONTAINER, type=class java.lang.Object, mappedName=)}
2022-03-31 17:41:51 INFO  -[traceid: ] -[main] org.apache.catalina.core.StandardService.log:173  Stopping service [Tomcat]
2022-03-31 17:41:51 INFO  -[traceid: ] -[main] org.springframework.boot.autoconfigure.logging.ConditionEvaluationReportLoggingListener.logMessage:136  

Error starting ApplicationContext. To display the conditions report re-run your application with 'debug' enabled.
2022-03-31 17:41:51 ERROR -[traceid: ] -[main] org.springframework.boot.diagnostics.LoggingFailureAnalysisReporter.report:40  

***************************
APPLICATION FAILED TO START
***************************

Description:

A component required a bean of type 'com.tools.commonservice.mapper.UserMapper' that could not be found.


Action:

Consider defining a bean of type 'com.tools.commonservice.mapper.UserMapper' in your configuration.

2022-03-31 17:42:37 INFO  -[traceid: ] -[background-preinit] org.hibernate.validator.internal.util.Version.<clinit>:21  HV000001: Hibernate Validator 6.2.0.Final
2022-03-31 17:42:37 INFO  -[traceid: ] -[main] com.tools.commonservice.CommonServiceApplication.logStarting:55  Starting CommonServiceApplication using Java 1.8.0_302 on gaoooyh-3.local with PID 30427 (/Users/gaoyinghan/workspace/myPorject/common-service/build/classes/java/main started by gaoyinghan in /Users/gaoyinghan/workspace/myPorject/common-service)
2022-03-31 17:42:37 INFO  -[traceid: ] -[main] com.tools.commonservice.CommonServiceApplication.logStartupProfileInfo:635  No active profile set, falling back to default profiles: default
2022-03-31 17:42:37 INFO  -[traceid: ] -[main] org.springframework.data.repository.config.RepositoryConfigurationDelegate.multipleStoresDetected:262  Multiple Spring Data modules found, entering strict repository configuration mode!
2022-03-31 17:42:37 INFO  -[traceid: ] -[main] org.springframework.data.repository.config.RepositoryConfigurationDelegate.registerRepositoriesIn:132  Bootstrapping Spring Data Redis repositories in DEFAULT mode.
2022-03-31 17:42:37 INFO  -[traceid: ] -[main] org.springframework.data.repository.config.RepositoryConfigurationDelegate.registerRepositoriesIn:201  Finished Spring Data repository scanning in 4 ms. Found 0 Redis repository interfaces.
2022-03-31 17:42:37 INFO  -[traceid: ] -[main] org.springframework.boot.web.embedded.tomcat.TomcatWebServer.initialize:108  Tomcat initialized with port(s): 8080 (http)
2022-03-31 17:42:37 INFO  -[traceid: ] -[main] org.apache.coyote.http11.Http11NioProtocol.log:173  Initializing ProtocolHandler ["http-nio-8080"]
2022-03-31 17:42:37 INFO  -[traceid: ] -[main] org.apache.catalina.core.StandardService.log:173  Starting service [Tomcat]
2022-03-31 17:42:37 INFO  -[traceid: ] -[main] org.apache.catalina.core.StandardEngine.log:173  Starting Servlet engine: [Apache Tomcat/9.0.56]
2022-03-31 17:42:37 INFO  -[traceid: ] -[main] org.apache.catalina.core.ContainerBase.[Tomcat].[localhost].[/].log:173  Initializing Spring embedded WebApplicationContext
2022-03-31 17:42:37 INFO  -[traceid: ] -[main] org.springframework.boot.web.servlet.context.ServletWebServerApplicationContext.prepareWebApplicationContext:290  Root WebApplicationContext: initialization completed in 633 ms
2022-03-31 17:42:38 INFO  -[traceid: ] -[main] springfox.documentation.spring.web.PropertySourcedRequestMappingHandlerMapping.initHandlerMethods:69  Mapped URL path [/v2/api-docs] onto method [springfox.documentation.swagger2.web.Swagger2Controller#getDocumentation(String, HttpServletRequest)]
2022-03-31 17:42:38 INFO  -[traceid: ] -[main] org.apache.coyote.http11.Http11NioProtocol.log:173  Starting ProtocolHandler ["http-nio-8080"]
2022-03-31 17:42:38 INFO  -[traceid: ] -[main] org.springframework.boot.web.embedded.tomcat.TomcatWebServer.start:220  Tomcat started on port(s): 8080 (http) with context path ''
2022-03-31 17:42:38 INFO  -[traceid: ] -[main] springfox.documentation.spring.web.plugins.DocumentationPluginsBootstrapper.start:160  Context refreshed
2022-03-31 17:42:38 INFO  -[traceid: ] -[main] springfox.documentation.spring.web.plugins.DocumentationPluginsBootstrapper.start:163  Found 1 custom documentation plugin(s)
2022-03-31 17:42:38 WARN  -[traceid: ] -[main] org.springframework.boot.web.servlet.context.AnnotationConfigServletWebServerApplicationContext.refresh:591  Exception encountered during context initialization - cancelling refresh attempt: org.springframework.context.ApplicationContextException: Failed to start bean 'documentationPluginsBootstrapper'; nested exception is java.lang.NullPointerException
2022-03-31 17:42:38 INFO  -[traceid: ] -[main] org.apache.coyote.http11.Http11NioProtocol.log:173  Pausing ProtocolHandler ["http-nio-8080"]
2022-03-31 17:42:38 INFO  -[traceid: ] -[main] org.apache.catalina.core.StandardService.log:173  Stopping service [Tomcat]
2022-03-31 17:42:38 INFO  -[traceid: ] -[main] org.apache.coyote.http11.Http11NioProtocol.log:173  Stopping ProtocolHandler ["http-nio-8080"]
2022-03-31 17:42:38 INFO  -[traceid: ] -[main] org.apache.coyote.http11.Http11NioProtocol.log:173  Destroying ProtocolHandler ["http-nio-8080"]
2022-03-31 17:42:38 INFO  -[traceid: ] -[main] org.springframework.boot.autoconfigure.logging.ConditionEvaluationReportLoggingListener.logMessage:136  

Error starting ApplicationContext. To display the conditions report re-run your application with 'debug' enabled.
2022-03-31 17:42:38 ERROR -[traceid: ] -[main] org.springframework.boot.SpringApplication.reportFailure:819  Application run failed
org.springframework.context.ApplicationContextException: Failed to start bean 'documentationPluginsBootstrapper'; nested exception is java.lang.NullPointerException
	at org.springframework.context.support.DefaultLifecycleProcessor.doStart(DefaultLifecycleProcessor.java:181)
	at org.springframework.context.support.DefaultLifecycleProcessor.access$200(DefaultLifecycleProcessor.java:54)
	at org.springframework.context.support.DefaultLifecycleProcessor$LifecycleGroup.start(DefaultLifecycleProcessor.java:356)
	at java.lang.Iterable.forEach(Iterable.java:75)
	at org.springframework.context.support.DefaultLifecycleProcessor.startBeans(DefaultLifecycleProcessor.java:155)
	at org.springframework.context.support.DefaultLifecycleProcessor.onRefresh(DefaultLifecycleProcessor.java:123)
	at org.springframework.context.support.AbstractApplicationContext.finishRefresh(AbstractApplicationContext.java:935)
	at org.springframework.context.support.AbstractApplicationContext.refresh(AbstractApplicationContext.java:586)
	at org.springframework.boot.web.servlet.context.ServletWebServerApplicationContext.refresh(ServletWebServerApplicationContext.java:145)
	at org.springframework.boot.SpringApplication.refresh(SpringApplication.java:730)
	at org.springframework.boot.SpringApplication.refreshContext(SpringApplication.java:412)
	at org.springframework.boot.SpringApplication.run(SpringApplication.java:302)
	at org.springframework.boot.SpringApplication.run(SpringApplication.java:1301)
	at org.springframework.boot.SpringApplication.run(SpringApplication.java:1290)
	at com.tools.commonservice.CommonServiceApplication.main(CommonServiceApplication.java:14)
Caused by: java.lang.NullPointerException: null
	at springfox.documentation.spi.service.contexts.Orderings$8.compare(Orderings.java:112)
	at springfox.documentation.spi.service.contexts.Orderings$8.compare(Orderings.java:109)
	at com.google.common.collect.ComparatorOrdering.compare(ComparatorOrdering.java:37)
	at java.util.TimSort.countRunAndMakeAscending(TimSort.java:355)
	at java.util.TimSort.sort(TimSort.java:220)
	at java.util.Arrays.sort(Arrays.java:1438)
	at com.google.common.collect.Ordering.sortedCopy(Ordering.java:855)
	at springfox.documentation.spring.web.plugins.WebMvcRequestHandlerProvider.requestHandlers(WebMvcRequestHandlerProvider.java:57)
	at springfox.documentation.spring.web.plugins.DocumentationPluginsBootstrapper$2.apply(DocumentationPluginsBootstrapper.java:138)
	at springfox.documentation.spring.web.plugins.DocumentationPluginsBootstrapper$2.apply(DocumentationPluginsBootstrapper.java:135)
	at com.google.common.collect.Iterators$7.transform(Iterators.java:750)
	at com.google.common.collect.TransformedIterator.next(TransformedIterator.java:47)
	at com.google.common.collect.TransformedIterator.next(TransformedIterator.java:47)
	at com.google.common.collect.MultitransformedIterator.hasNext(MultitransformedIterator.java:52)
	at com.google.common.collect.MultitransformedIterator.hasNext(MultitransformedIterator.java:50)
	at com.google.common.collect.ImmutableList.copyOf(ImmutableList.java:249)
	at com.google.common.collect.ImmutableList.copyOf(ImmutableList.java:209)
	at com.google.common.collect.FluentIterable.toList(FluentIterable.java:614)
	at springfox.documentation.spring.web.plugins.DocumentationPluginsBootstrapper.defaultContextBuilder(DocumentationPluginsBootstrapper.java:111)
	at springfox.documentation.spring.web.plugins.DocumentationPluginsBootstrapper.buildContext(DocumentationPluginsBootstrapper.java:96)
	at springfox.documentation.spring.web.plugins.DocumentationPluginsBootstrapper.start(DocumentationPluginsBootstrapper.java:167)
	at org.springframework.context.support.DefaultLifecycleProcessor.doStart(DefaultLifecycleProcessor.java:178)
	... 14 common frames omitted
2022-03-31 17:44:25 INFO  -[traceid: ] -[main] com.tools.commonservice.CommonServiceApplication.logStarting:55  Starting CommonServiceApplication using Java 1.8.0_302 on gaoooyh-3.local with PID 30465 (/Users/gaoyinghan/workspace/myPorject/common-service/build/classes/java/main started by gaoyinghan in /Users/gaoyinghan/workspace/myPorject/common-service)
2022-03-31 17:44:25 INFO  -[traceid: ] -[main] com.tools.commonservice.CommonServiceApplication.logStartupProfileInfo:635  No active profile set, falling back to default profiles: default
2022-03-31 17:44:25 INFO  -[traceid: ] -[background-preinit] org.hibernate.validator.internal.util.Version.<clinit>:21  HV000001: Hibernate Validator 6.2.0.Final
2022-03-31 17:44:26 INFO  -[traceid: ] -[main] org.springframework.data.repository.config.RepositoryConfigurationDelegate.multipleStoresDetected:262  Multiple Spring Data modules found, entering strict repository configuration mode!
2022-03-31 17:44:26 INFO  -[traceid: ] -[main] org.springframework.data.repository.config.RepositoryConfigurationDelegate.registerRepositoriesIn:132  Bootstrapping Spring Data Redis repositories in DEFAULT mode.
2022-03-31 17:44:26 INFO  -[traceid: ] -[main] org.springframework.data.repository.config.RepositoryConfigurationDelegate.registerRepositoriesIn:201  Finished Spring Data repository scanning in 4 ms. Found 0 Redis repository interfaces.
2022-03-31 17:44:26 INFO  -[traceid: ] -[main] org.springframework.boot.web.embedded.tomcat.TomcatWebServer.initialize:108  Tomcat initialized with port(s): 8080 (http)
2022-03-31 17:44:26 INFO  -[traceid: ] -[main] org.apache.coyote.http11.Http11NioProtocol.log:173  Initializing ProtocolHandler ["http-nio-8080"]
2022-03-31 17:44:26 INFO  -[traceid: ] -[main] org.apache.catalina.core.StandardService.log:173  Starting service [Tomcat]
2022-03-31 17:44:26 INFO  -[traceid: ] -[main] org.apache.catalina.core.StandardEngine.log:173  Starting Servlet engine: [Apache Tomcat/9.0.56]
2022-03-31 17:44:26 INFO  -[traceid: ] -[main] org.apache.catalina.core.ContainerBase.[Tomcat].[localhost].[/].log:173  Initializing Spring embedded WebApplicationContext
2022-03-31 17:44:26 INFO  -[traceid: ] -[main] org.springframework.boot.web.servlet.context.ServletWebServerApplicationContext.prepareWebApplicationContext:290  Root WebApplicationContext: initialization completed in 678 ms
2022-03-31 17:44:26 INFO  -[traceid: ] -[main] springfox.documentation.spring.web.PropertySourcedRequestMappingHandlerMapping.initHandlerMethods:69  Mapped URL path [/v2/api-docs] onto method [springfox.documentation.swagger2.web.Swagger2Controller#getDocumentation(String, HttpServletRequest)]
2022-03-31 17:44:27 INFO  -[traceid: ] -[main] org.apache.coyote.http11.Http11NioProtocol.log:173  Starting ProtocolHandler ["http-nio-8080"]
2022-03-31 17:44:27 INFO  -[traceid: ] -[main] org.springframework.boot.web.embedded.tomcat.TomcatWebServer.start:220  Tomcat started on port(s): 8080 (http) with context path ''
2022-03-31 17:44:27 INFO  -[traceid: ] -[main] springfox.documentation.spring.web.plugins.DocumentationPluginsBootstrapper.start:160  Context refreshed
2022-03-31 17:44:27 INFO  -[traceid: ] -[main] springfox.documentation.spring.web.plugins.DocumentationPluginsBootstrapper.start:163  Found 1 custom documentation plugin(s)
2022-03-31 17:44:27 WARN  -[traceid: ] -[main] org.springframework.boot.web.servlet.context.AnnotationConfigServletWebServerApplicationContext.refresh:591  Exception encountered during context initialization - cancelling refresh attempt: org.springframework.context.ApplicationContextException: Failed to start bean 'documentationPluginsBootstrapper'; nested exception is java.lang.NullPointerException
2022-03-31 17:44:27 INFO  -[traceid: ] -[main] org.apache.coyote.http11.Http11NioProtocol.log:173  Pausing ProtocolHandler ["http-nio-8080"]
2022-03-31 17:44:27 INFO  -[traceid: ] -[main] org.apache.catalina.core.StandardService.log:173  Stopping service [Tomcat]
2022-03-31 17:44:27 INFO  -[traceid: ] -[main] org.apache.coyote.http11.Http11NioProtocol.log:173  Stopping ProtocolHandler ["http-nio-8080"]
2022-03-31 17:44:27 INFO  -[traceid: ] -[main] org.apache.coyote.http11.Http11NioProtocol.log:173  Destroying ProtocolHandler ["http-nio-8080"]
2022-03-31 17:44:27 INFO  -[traceid: ] -[main] org.springframework.boot.autoconfigure.logging.ConditionEvaluationReportLoggingListener.logMessage:136  

Error starting ApplicationContext. To display the conditions report re-run your application with 'debug' enabled.
2022-03-31 17:44:27 ERROR -[traceid: ] -[main] org.springframework.boot.SpringApplication.reportFailure:819  Application run failed
org.springframework.context.ApplicationContextException: Failed to start bean 'documentationPluginsBootstrapper'; nested exception is java.lang.NullPointerException
	at org.springframework.context.support.DefaultLifecycleProcessor.doStart(DefaultLifecycleProcessor.java:181)
	at org.springframework.context.support.DefaultLifecycleProcessor.access$200(DefaultLifecycleProcessor.java:54)
	at org.springframework.context.support.DefaultLifecycleProcessor$LifecycleGroup.start(DefaultLifecycleProcessor.java:356)
	at java.lang.Iterable.forEach(Iterable.java:75)
	at org.springframework.context.support.DefaultLifecycleProcessor.startBeans(DefaultLifecycleProcessor.java:155)
	at org.springframework.context.support.DefaultLifecycleProcessor.onRefresh(DefaultLifecycleProcessor.java:123)
	at org.springframework.context.support.AbstractApplicationContext.finishRefresh(AbstractApplicationContext.java:935)
	at org.springframework.context.support.AbstractApplicationContext.refresh(AbstractApplicationContext.java:586)
	at org.springframework.boot.web.servlet.context.ServletWebServerApplicationContext.refresh(ServletWebServerApplicationContext.java:145)
	at org.springframework.boot.SpringApplication.refresh(SpringApplication.java:730)
	at org.springframework.boot.SpringApplication.refreshContext(SpringApplication.java:412)
	at org.springframework.boot.SpringApplication.run(SpringApplication.java:302)
	at org.springframework.boot.SpringApplication.run(SpringApplication.java:1301)
	at org.springframework.boot.SpringApplication.run(SpringApplication.java:1290)
	at com.tools.commonservice.CommonServiceApplication.main(CommonServiceApplication.java:14)
Caused by: java.lang.NullPointerException: null
	at springfox.documentation.spi.service.contexts.Orderings$8.compare(Orderings.java:112)
	at springfox.documentation.spi.service.contexts.Orderings$8.compare(Orderings.java:109)
	at com.google.common.collect.ComparatorOrdering.compare(ComparatorOrdering.java:37)
	at java.util.TimSort.countRunAndMakeAscending(TimSort.java:355)
	at java.util.TimSort.sort(TimSort.java:220)
	at java.util.Arrays.sort(Arrays.java:1438)
	at com.google.common.collect.Ordering.sortedCopy(Ordering.java:855)
	at springfox.documentation.spring.web.plugins.WebMvcRequestHandlerProvider.requestHandlers(WebMvcRequestHandlerProvider.java:57)
	at springfox.documentation.spring.web.plugins.DocumentationPluginsBootstrapper$2.apply(DocumentationPluginsBootstrapper.java:138)
	at springfox.documentation.spring.web.plugins.DocumentationPluginsBootstrapper$2.apply(DocumentationPluginsBootstrapper.java:135)
	at com.google.common.collect.Iterators$7.transform(Iterators.java:750)
	at com.google.common.collect.TransformedIterator.next(TransformedIterator.java:47)
	at com.google.common.collect.TransformedIterator.next(TransformedIterator.java:47)
	at com.google.common.collect.MultitransformedIterator.hasNext(MultitransformedIterator.java:52)
	at com.google.common.collect.MultitransformedIterator.hasNext(MultitransformedIterator.java:50)
	at com.google.common.collect.ImmutableList.copyOf(ImmutableList.java:249)
	at com.google.common.collect.ImmutableList.copyOf(ImmutableList.java:209)
	at com.google.common.collect.FluentIterable.toList(FluentIterable.java:614)
	at springfox.documentation.spring.web.plugins.DocumentationPluginsBootstrapper.defaultContextBuilder(DocumentationPluginsBootstrapper.java:111)
	at springfox.documentation.spring.web.plugins.DocumentationPluginsBootstrapper.buildContext(DocumentationPluginsBootstrapper.java:96)
	at springfox.documentation.spring.web.plugins.DocumentationPluginsBootstrapper.start(DocumentationPluginsBootstrapper.java:167)
	at org.springframework.context.support.DefaultLifecycleProcessor.doStart(DefaultLifecycleProcessor.java:178)
	... 14 common frames omitted
2022-03-31 17:45:29 INFO  -[traceid: ] -[main] com.tools.commonservice.CommonServiceApplication.logStarting:55  Starting CommonServiceApplication using Java 1.8.0_302 on gaoooyh-3.local with PID 30484 (/Users/gaoyinghan/workspace/myPorject/common-service/build/classes/java/main started by gaoyinghan in /Users/gaoyinghan/workspace/myPorject/common-service)
2022-03-31 17:45:29 INFO  -[traceid: ] -[main] com.tools.commonservice.CommonServiceApplication.logStartupProfileInfo:635  No active profile set, falling back to default profiles: default
2022-03-31 17:45:29 INFO  -[traceid: ] -[background-preinit] org.hibernate.validator.internal.util.Version.<clinit>:21  HV000001: Hibernate Validator 6.2.0.Final
2022-03-31 17:45:30 INFO  -[traceid: ] -[main] org.springframework.data.repository.config.RepositoryConfigurationDelegate.multipleStoresDetected:262  Multiple Spring Data modules found, entering strict repository configuration mode!
2022-03-31 17:45:30 INFO  -[traceid: ] -[main] org.springframework.data.repository.config.RepositoryConfigurationDelegate.registerRepositoriesIn:132  Bootstrapping Spring Data Redis repositories in DEFAULT mode.
2022-03-31 17:45:30 INFO  -[traceid: ] -[main] org.springframework.data.repository.config.RepositoryConfigurationDelegate.registerRepositoriesIn:201  Finished Spring Data repository scanning in 3 ms. Found 0 Redis repository interfaces.
2022-03-31 17:45:30 INFO  -[traceid: ] -[main] org.springframework.boot.web.embedded.tomcat.TomcatWebServer.initialize:108  Tomcat initialized with port(s): 8080 (http)
2022-03-31 17:45:30 INFO  -[traceid: ] -[main] org.apache.coyote.http11.Http11NioProtocol.log:173  Initializing ProtocolHandler ["http-nio-8080"]
2022-03-31 17:45:30 INFO  -[traceid: ] -[main] org.apache.catalina.core.StandardService.log:173  Starting service [Tomcat]
2022-03-31 17:45:30 INFO  -[traceid: ] -[main] org.apache.catalina.core.StandardEngine.log:173  Starting Servlet engine: [Apache Tomcat/9.0.56]
2022-03-31 17:45:30 INFO  -[traceid: ] -[main] org.apache.catalina.core.ContainerBase.[Tomcat].[localhost].[/].log:173  Initializing Spring embedded WebApplicationContext
2022-03-31 17:45:30 INFO  -[traceid: ] -[main] org.springframework.boot.web.servlet.context.ServletWebServerApplicationContext.prepareWebApplicationContext:290  Root WebApplicationContext: initialization completed in 612 ms
2022-03-31 17:45:30 INFO  -[traceid: ] -[main] springfox.documentation.spring.web.PropertySourcedRequestMappingHandlerMapping.initHandlerMethods:69  Mapped URL path [/v2/api-docs] onto method [springfox.documentation.swagger2.web.Swagger2Controller#getDocumentation(String, HttpServletRequest)]
2022-03-31 17:45:31 INFO  -[traceid: ] -[main] org.apache.coyote.http11.Http11NioProtocol.log:173  Starting ProtocolHandler ["http-nio-8080"]
2022-03-31 17:45:31 INFO  -[traceid: ] -[main] org.springframework.boot.web.embedded.tomcat.TomcatWebServer.start:220  Tomcat started on port(s): 8080 (http) with context path ''
2022-03-31 17:45:31 INFO  -[traceid: ] -[main] springfox.documentation.spring.web.plugins.DocumentationPluginsBootstrapper.start:160  Context refreshed
2022-03-31 17:45:31 INFO  -[traceid: ] -[main] springfox.documentation.spring.web.plugins.DocumentationPluginsBootstrapper.start:163  Found 1 custom documentation plugin(s)
2022-03-31 17:45:31 WARN  -[traceid: ] -[main] org.springframework.boot.web.servlet.context.AnnotationConfigServletWebServerApplicationContext.refresh:591  Exception encountered during context initialization - cancelling refresh attempt: org.springframework.context.ApplicationContextException: Failed to start bean 'documentationPluginsBootstrapper'; nested exception is java.lang.NullPointerException
2022-03-31 17:45:31 INFO  -[traceid: ] -[main] org.apache.coyote.http11.Http11NioProtocol.log:173  Pausing ProtocolHandler ["http-nio-8080"]
2022-03-31 17:45:31 INFO  -[traceid: ] -[main] org.apache.catalina.core.StandardService.log:173  Stopping service [Tomcat]
2022-03-31 17:45:31 INFO  -[traceid: ] -[main] org.apache.coyote.http11.Http11NioProtocol.log:173  Stopping ProtocolHandler ["http-nio-8080"]
2022-03-31 17:45:31 INFO  -[traceid: ] -[main] org.apache.coyote.http11.Http11NioProtocol.log:173  Destroying ProtocolHandler ["http-nio-8080"]
2022-03-31 17:45:31 INFO  -[traceid: ] -[main] org.springframework.boot.autoconfigure.logging.ConditionEvaluationReportLoggingListener.logMessage:136  

Error starting ApplicationContext. To display the conditions report re-run your application with 'debug' enabled.
2022-03-31 17:45:31 ERROR -[traceid: ] -[main] org.springframework.boot.SpringApplication.reportFailure:819  Application run failed
org.springframework.context.ApplicationContextException: Failed to start bean 'documentationPluginsBootstrapper'; nested exception is java.lang.NullPointerException
	at org.springframework.context.support.DefaultLifecycleProcessor.doStart(DefaultLifecycleProcessor.java:181)
	at org.springframework.context.support.DefaultLifecycleProcessor.access$200(DefaultLifecycleProcessor.java:54)
	at org.springframework.context.support.DefaultLifecycleProcessor$LifecycleGroup.start(DefaultLifecycleProcessor.java:356)
	at java.lang.Iterable.forEach(Iterable.java:75)
	at org.springframework.context.support.DefaultLifecycleProcessor.startBeans(DefaultLifecycleProcessor.java:155)
	at org.springframework.context.support.DefaultLifecycleProcessor.onRefresh(DefaultLifecycleProcessor.java:123)
	at org.springframework.context.support.AbstractApplicationContext.finishRefresh(AbstractApplicationContext.java:935)
	at org.springframework.context.support.AbstractApplicationContext.refresh(AbstractApplicationContext.java:586)
	at org.springframework.boot.web.servlet.context.ServletWebServerApplicationContext.refresh(ServletWebServerApplicationContext.java:145)
	at org.springframework.boot.SpringApplication.refresh(SpringApplication.java:730)
	at org.springframework.boot.SpringApplication.refreshContext(SpringApplication.java:412)
	at org.springframework.boot.SpringApplication.run(SpringApplication.java:302)
	at org.springframework.boot.SpringApplication.run(SpringApplication.java:1301)
	at org.springframework.boot.SpringApplication.run(SpringApplication.java:1290)
	at com.tools.commonservice.CommonServiceApplication.main(CommonServiceApplication.java:14)
Caused by: java.lang.NullPointerException: null
	at springfox.documentation.spi.service.contexts.Orderings$8.compare(Orderings.java:112)
	at springfox.documentation.spi.service.contexts.Orderings$8.compare(Orderings.java:109)
	at com.google.common.collect.ComparatorOrdering.compare(ComparatorOrdering.java:37)
	at java.util.TimSort.countRunAndMakeAscending(TimSort.java:355)
	at java.util.TimSort.sort(TimSort.java:220)
	at java.util.Arrays.sort(Arrays.java:1438)
	at com.google.common.collect.Ordering.sortedCopy(Ordering.java:855)
	at springfox.documentation.spring.web.plugins.WebMvcRequestHandlerProvider.requestHandlers(WebMvcRequestHandlerProvider.java:57)
	at springfox.documentation.spring.web.plugins.DocumentationPluginsBootstrapper$2.apply(DocumentationPluginsBootstrapper.java:138)
	at springfox.documentation.spring.web.plugins.DocumentationPluginsBootstrapper$2.apply(DocumentationPluginsBootstrapper.java:135)
	at com.google.common.collect.Iterators$7.transform(Iterators.java:750)
	at com.google.common.collect.TransformedIterator.next(TransformedIterator.java:47)
	at com.google.common.collect.TransformedIterator.next(TransformedIterator.java:47)
	at com.google.common.collect.MultitransformedIterator.hasNext(MultitransformedIterator.java:52)
	at com.google.common.collect.MultitransformedIterator.hasNext(MultitransformedIterator.java:50)
	at com.google.common.collect.ImmutableList.copyOf(ImmutableList.java:249)
	at com.google.common.collect.ImmutableList.copyOf(ImmutableList.java:209)
	at com.google.common.collect.FluentIterable.toList(FluentIterable.java:614)
	at springfox.documentation.spring.web.plugins.DocumentationPluginsBootstrapper.defaultContextBuilder(DocumentationPluginsBootstrapper.java:111)
	at springfox.documentation.spring.web.plugins.DocumentationPluginsBootstrapper.buildContext(DocumentationPluginsBootstrapper.java:96)
	at springfox.documentation.spring.web.plugins.DocumentationPluginsBootstrapper.start(DocumentationPluginsBootstrapper.java:167)
	at org.springframework.context.support.DefaultLifecycleProcessor.doStart(DefaultLifecycleProcessor.java:178)
	... 14 common frames omitted
2022-03-31 17:45:52 INFO  -[traceid: ] -[main] com.tools.commonservice.CommonServiceApplication.logStarting:55  Starting CommonServiceApplication using Java 1.8.0_302 on gaoooyh-3.local with PID 30493 (/Users/gaoyinghan/workspace/myPorject/common-service/build/classes/java/main started by gaoyinghan in /Users/gaoyinghan/workspace/myPorject/common-service)
2022-03-31 17:45:52 INFO  -[traceid: ] -[background-preinit] org.hibernate.validator.internal.util.Version.<clinit>:21  HV000001: Hibernate Validator 6.2.0.Final
2022-03-31 17:45:52 INFO  -[traceid: ] -[main] com.tools.commonservice.CommonServiceApplication.logStartupProfileInfo:635  No active profile set, falling back to default profiles: default
2022-03-31 17:45:52 INFO  -[traceid: ] -[main] org.springframework.data.repository.config.RepositoryConfigurationDelegate.multipleStoresDetected:262  Multiple Spring Data modules found, entering strict repository configuration mode!
2022-03-31 17:45:52 INFO  -[traceid: ] -[main] org.springframework.data.repository.config.RepositoryConfigurationDelegate.registerRepositoriesIn:132  Bootstrapping Spring Data Redis repositories in DEFAULT mode.
2022-03-31 17:45:52 INFO  -[traceid: ] -[main] org.springframework.data.repository.config.RepositoryConfigurationDelegate.registerRepositoriesIn:201  Finished Spring Data repository scanning in 3 ms. Found 0 Redis repository interfaces.
2022-03-31 17:45:53 INFO  -[traceid: ] -[main] org.springframework.boot.web.embedded.tomcat.TomcatWebServer.initialize:108  Tomcat initialized with port(s): 8080 (http)
2022-03-31 17:45:53 INFO  -[traceid: ] -[main] org.apache.coyote.http11.Http11NioProtocol.log:173  Initializing ProtocolHandler ["http-nio-8080"]
2022-03-31 17:45:53 INFO  -[traceid: ] -[main] org.apache.catalina.core.StandardService.log:173  Starting service [Tomcat]
2022-03-31 17:45:53 INFO  -[traceid: ] -[main] org.apache.catalina.core.StandardEngine.log:173  Starting Servlet engine: [Apache Tomcat/9.0.56]
2022-03-31 17:45:53 INFO  -[traceid: ] -[main] org.apache.catalina.core.ContainerBase.[Tomcat].[localhost].[/].log:173  Initializing Spring embedded WebApplicationContext
2022-03-31 17:45:53 INFO  -[traceid: ] -[main] org.springframework.boot.web.servlet.context.ServletWebServerApplicationContext.prepareWebApplicationContext:290  Root WebApplicationContext: initialization completed in 564 ms
2022-03-31 17:45:53 INFO  -[traceid: ] -[main] springfox.documentation.spring.web.PropertySourcedRequestMappingHandlerMapping.initHandlerMethods:69  Mapped URL path [/v2/api-docs] onto method [springfox.documentation.swagger2.web.Swagger2Controller#getDocumentation(String, HttpServletRequest)]
2022-03-31 17:45:53 INFO  -[traceid: ] -[main] org.apache.coyote.http11.Http11NioProtocol.log:173  Starting ProtocolHandler ["http-nio-8080"]
2022-03-31 17:45:53 INFO  -[traceid: ] -[main] org.springframework.boot.web.embedded.tomcat.TomcatWebServer.start:220  Tomcat started on port(s): 8080 (http) with context path ''
2022-03-31 17:45:53 INFO  -[traceid: ] -[main] springfox.documentation.spring.web.plugins.DocumentationPluginsBootstrapper.start:160  Context refreshed
2022-03-31 17:45:53 INFO  -[traceid: ] -[main] springfox.documentation.spring.web.plugins.DocumentationPluginsBootstrapper.start:163  Found 1 custom documentation plugin(s)
2022-03-31 17:45:53 WARN  -[traceid: ] -[main] org.springframework.boot.web.servlet.context.AnnotationConfigServletWebServerApplicationContext.refresh:591  Exception encountered during context initialization - cancelling refresh attempt: org.springframework.context.ApplicationContextException: Failed to start bean 'documentationPluginsBootstrapper'; nested exception is java.lang.NullPointerException
2022-03-31 17:45:53 INFO  -[traceid: ] -[main] org.apache.coyote.http11.Http11NioProtocol.log:173  Pausing ProtocolHandler ["http-nio-8080"]
2022-03-31 17:45:53 INFO  -[traceid: ] -[main] org.apache.catalina.core.StandardService.log:173  Stopping service [Tomcat]
2022-03-31 17:45:53 INFO  -[traceid: ] -[main] org.apache.coyote.http11.Http11NioProtocol.log:173  Stopping ProtocolHandler ["http-nio-8080"]
2022-03-31 17:45:53 INFO  -[traceid: ] -[main] org.apache.coyote.http11.Http11NioProtocol.log:173  Destroying ProtocolHandler ["http-nio-8080"]
2022-03-31 17:45:53 INFO  -[traceid: ] -[main] org.springframework.boot.autoconfigure.logging.ConditionEvaluationReportLoggingListener.logMessage:136  

Error starting ApplicationContext. To display the conditions report re-run your application with 'debug' enabled.
2022-03-31 17:45:53 ERROR -[traceid: ] -[main] org.springframework.boot.SpringApplication.reportFailure:819  Application run failed
org.springframework.context.ApplicationContextException: Failed to start bean 'documentationPluginsBootstrapper'; nested exception is java.lang.NullPointerException
	at org.springframework.context.support.DefaultLifecycleProcessor.doStart(DefaultLifecycleProcessor.java:181)
	at org.springframework.context.support.DefaultLifecycleProcessor.access$200(DefaultLifecycleProcessor.java:54)
	at org.springframework.context.support.DefaultLifecycleProcessor$LifecycleGroup.start(DefaultLifecycleProcessor.java:356)
	at java.lang.Iterable.forEach(Iterable.java:75)
	at org.springframework.context.support.DefaultLifecycleProcessor.startBeans(DefaultLifecycleProcessor.java:155)
	at org.springframework.context.support.DefaultLifecycleProcessor.onRefresh(DefaultLifecycleProcessor.java:123)
	at org.springframework.context.support.AbstractApplicationContext.finishRefresh(AbstractApplicationContext.java:935)
	at org.springframework.context.support.AbstractApplicationContext.refresh(AbstractApplicationContext.java:586)
	at org.springframework.boot.web.servlet.context.ServletWebServerApplicationContext.refresh(ServletWebServerApplicationContext.java:145)
	at org.springframework.boot.SpringApplication.refresh(SpringApplication.java:730)
	at org.springframework.boot.SpringApplication.refreshContext(SpringApplication.java:412)
	at org.springframework.boot.SpringApplication.run(SpringApplication.java:302)
	at org.springframework.boot.SpringApplication.run(SpringApplication.java:1301)
	at org.springframework.boot.SpringApplication.run(SpringApplication.java:1290)
	at com.tools.commonservice.CommonServiceApplication.main(CommonServiceApplication.java:14)
Caused by: java.lang.NullPointerException: null
	at springfox.documentation.spi.service.contexts.Orderings$8.compare(Orderings.java:112)
	at springfox.documentation.spi.service.contexts.Orderings$8.compare(Orderings.java:109)
	at com.google.common.collect.ComparatorOrdering.compare(ComparatorOrdering.java:37)
	at java.util.TimSort.countRunAndMakeAscending(TimSort.java:355)
	at java.util.TimSort.sort(TimSort.java:220)
	at java.util.Arrays.sort(Arrays.java:1438)
	at com.google.common.collect.Ordering.sortedCopy(Ordering.java:855)
	at springfox.documentation.spring.web.plugins.WebMvcRequestHandlerProvider.requestHandlers(WebMvcRequestHandlerProvider.java:57)
	at springfox.documentation.spring.web.plugins.DocumentationPluginsBootstrapper$2.apply(DocumentationPluginsBootstrapper.java:138)
	at springfox.documentation.spring.web.plugins.DocumentationPluginsBootstrapper$2.apply(DocumentationPluginsBootstrapper.java:135)
	at com.google.common.collect.Iterators$7.transform(Iterators.java:750)
	at com.google.common.collect.TransformedIterator.next(TransformedIterator.java:47)
	at com.google.common.collect.TransformedIterator.next(TransformedIterator.java:47)
	at com.google.common.collect.MultitransformedIterator.hasNext(MultitransformedIterator.java:52)
	at com.google.common.collect.MultitransformedIterator.hasNext(MultitransformedIterator.java:50)
	at com.google.common.collect.ImmutableList.copyOf(ImmutableList.java:249)
	at com.google.common.collect.ImmutableList.copyOf(ImmutableList.java:209)
	at com.google.common.collect.FluentIterable.toList(FluentIterable.java:614)
	at springfox.documentation.spring.web.plugins.DocumentationPluginsBootstrapper.defaultContextBuilder(DocumentationPluginsBootstrapper.java:111)
	at springfox.documentation.spring.web.plugins.DocumentationPluginsBootstrapper.buildContext(DocumentationPluginsBootstrapper.java:96)
	at springfox.documentation.spring.web.plugins.DocumentationPluginsBootstrapper.start(DocumentationPluginsBootstrapper.java:167)
	at org.springframework.context.support.DefaultLifecycleProcessor.doStart(DefaultLifecycleProcessor.java:178)
	... 14 common frames omitted
2022-03-31 17:46:02 INFO  -[traceid: ] -[background-preinit] org.hibernate.validator.internal.util.Version.<clinit>:21  HV000001: Hibernate Validator 6.2.0.Final
2022-03-31 17:46:02 INFO  -[traceid: ] -[main] com.tools.commonservice.CommonServiceApplication.logStarting:55  Starting CommonServiceApplication using Java 1.8.0_302 on gaoooyh-3.local with PID 30496 (/Users/gaoyinghan/workspace/myPorject/common-service/build/classes/java/main started by gaoyinghan in /Users/gaoyinghan/workspace/myPorject/common-service)
2022-03-31 17:46:02 INFO  -[traceid: ] -[main] com.tools.commonservice.CommonServiceApplication.logStartupProfileInfo:635  No active profile set, falling back to default profiles: default
2022-03-31 17:46:02 INFO  -[traceid: ] -[main] org.springframework.data.repository.config.RepositoryConfigurationDelegate.multipleStoresDetected:262  Multiple Spring Data modules found, entering strict repository configuration mode!
2022-03-31 17:46:02 INFO  -[traceid: ] -[main] org.springframework.data.repository.config.RepositoryConfigurationDelegate.registerRepositoriesIn:132  Bootstrapping Spring Data Redis repositories in DEFAULT mode.
2022-03-31 17:46:02 INFO  -[traceid: ] -[main] org.springframework.data.repository.config.RepositoryConfigurationDelegate.registerRepositoriesIn:201  Finished Spring Data repository scanning in 4 ms. Found 0 Redis repository interfaces.
2022-03-31 17:46:02 INFO  -[traceid: ] -[main] org.springframework.boot.web.embedded.tomcat.TomcatWebServer.initialize:108  Tomcat initialized with port(s): 8080 (http)
2022-03-31 17:46:02 INFO  -[traceid: ] -[main] org.apache.coyote.http11.Http11NioProtocol.log:173  Initializing ProtocolHandler ["http-nio-8080"]
2022-03-31 17:46:02 INFO  -[traceid: ] -[main] org.apache.catalina.core.StandardService.log:173  Starting service [Tomcat]
2022-03-31 17:46:02 INFO  -[traceid: ] -[main] org.apache.catalina.core.StandardEngine.log:173  Starting Servlet engine: [Apache Tomcat/9.0.56]
2022-03-31 17:46:02 INFO  -[traceid: ] -[main] org.apache.catalina.core.ContainerBase.[Tomcat].[localhost].[/].log:173  Initializing Spring embedded WebApplicationContext
2022-03-31 17:46:02 INFO  -[traceid: ] -[main] org.springframework.boot.web.servlet.context.ServletWebServerApplicationContext.prepareWebApplicationContext:290  Root WebApplicationContext: initialization completed in 652 ms
2022-03-31 17:46:03 INFO  -[traceid: ] -[main] springfox.documentation.spring.web.PropertySourcedRequestMappingHandlerMapping.initHandlerMethods:69  Mapped URL path [/v2/api-docs] onto method [springfox.documentation.swagger2.web.Swagger2Controller#getDocumentation(String, HttpServletRequest)]
2022-03-31 17:46:03 INFO  -[traceid: ] -[main] org.apache.coyote.http11.Http11NioProtocol.log:173  Starting ProtocolHandler ["http-nio-8080"]
2022-03-31 17:46:03 INFO  -[traceid: ] -[main] org.springframework.boot.web.embedded.tomcat.TomcatWebServer.start:220  Tomcat started on port(s): 8080 (http) with context path ''
2022-03-31 17:46:03 INFO  -[traceid: ] -[main] springfox.documentation.spring.web.plugins.DocumentationPluginsBootstrapper.start:160  Context refreshed
2022-03-31 17:46:03 INFO  -[traceid: ] -[main] springfox.documentation.spring.web.plugins.DocumentationPluginsBootstrapper.start:163  Found 1 custom documentation plugin(s)
2022-03-31 17:46:03 WARN  -[traceid: ] -[main] org.springframework.boot.web.servlet.context.AnnotationConfigServletWebServerApplicationContext.refresh:591  Exception encountered during context initialization - cancelling refresh attempt: org.springframework.context.ApplicationContextException: Failed to start bean 'documentationPluginsBootstrapper'; nested exception is java.lang.NullPointerException
2022-03-31 17:46:03 INFO  -[traceid: ] -[main] org.apache.coyote.http11.Http11NioProtocol.log:173  Pausing ProtocolHandler ["http-nio-8080"]
2022-03-31 17:46:03 INFO  -[traceid: ] -[main] org.apache.catalina.core.StandardService.log:173  Stopping service [Tomcat]
2022-03-31 17:46:03 INFO  -[traceid: ] -[main] org.apache.coyote.http11.Http11NioProtocol.log:173  Stopping ProtocolHandler ["http-nio-8080"]
2022-03-31 17:46:03 INFO  -[traceid: ] -[main] org.apache.coyote.http11.Http11NioProtocol.log:173  Destroying ProtocolHandler ["http-nio-8080"]
2022-03-31 17:46:03 INFO  -[traceid: ] -[main] org.springframework.boot.autoconfigure.logging.ConditionEvaluationReportLoggingListener.logMessage:136  

Error starting ApplicationContext. To display the conditions report re-run your application with 'debug' enabled.
2022-03-31 17:46:03 ERROR -[traceid: ] -[main] org.springframework.boot.SpringApplication.reportFailure:819  Application run failed
org.springframework.context.ApplicationContextException: Failed to start bean 'documentationPluginsBootstrapper'; nested exception is java.lang.NullPointerException
	at org.springframework.context.support.DefaultLifecycleProcessor.doStart(DefaultLifecycleProcessor.java:181)
	at org.springframework.context.support.DefaultLifecycleProcessor.access$200(DefaultLifecycleProcessor.java:54)
	at org.springframework.context.support.DefaultLifecycleProcessor$LifecycleGroup.start(DefaultLifecycleProcessor.java:356)
	at java.lang.Iterable.forEach(Iterable.java:75)
	at org.springframework.context.support.DefaultLifecycleProcessor.startBeans(DefaultLifecycleProcessor.java:155)
	at org.springframework.context.support.DefaultLifecycleProcessor.onRefresh(DefaultLifecycleProcessor.java:123)
	at org.springframework.context.support.AbstractApplicationContext.finishRefresh(AbstractApplicationContext.java:935)
	at org.springframework.context.support.AbstractApplicationContext.refresh(AbstractApplicationContext.java:586)
	at org.springframework.boot.web.servlet.context.ServletWebServerApplicationContext.refresh(ServletWebServerApplicationContext.java:145)
	at org.springframework.boot.SpringApplication.refresh(SpringApplication.java:730)
	at org.springframework.boot.SpringApplication.refreshContext(SpringApplication.java:412)
	at org.springframework.boot.SpringApplication.run(SpringApplication.java:302)
	at org.springframework.boot.SpringApplication.run(SpringApplication.java:1301)
	at org.springframework.boot.SpringApplication.run(SpringApplication.java:1290)
	at com.tools.commonservice.CommonServiceApplication.main(CommonServiceApplication.java:14)
Caused by: java.lang.NullPointerException: null
	at springfox.documentation.spi.service.contexts.Orderings$8.compare(Orderings.java:112)
	at springfox.documentation.spi.service.contexts.Orderings$8.compare(Orderings.java:109)
	at com.google.common.collect.ComparatorOrdering.compare(ComparatorOrdering.java:37)
	at java.util.TimSort.countRunAndMakeAscending(TimSort.java:355)
	at java.util.TimSort.sort(TimSort.java:220)
	at java.util.Arrays.sort(Arrays.java:1438)
	at com.google.common.collect.Ordering.sortedCopy(Ordering.java:855)
	at springfox.documentation.spring.web.plugins.WebMvcRequestHandlerProvider.requestHandlers(WebMvcRequestHandlerProvider.java:57)
	at springfox.documentation.spring.web.plugins.DocumentationPluginsBootstrapper$2.apply(DocumentationPluginsBootstrapper.java:138)
	at springfox.documentation.spring.web.plugins.DocumentationPluginsBootstrapper$2.apply(DocumentationPluginsBootstrapper.java:135)
	at com.google.common.collect.Iterators$7.transform(Iterators.java:750)
	at com.google.common.collect.TransformedIterator.next(TransformedIterator.java:47)
	at com.google.common.collect.TransformedIterator.next(TransformedIterator.java:47)
	at com.google.common.collect.MultitransformedIterator.hasNext(MultitransformedIterator.java:52)
	at com.google.common.collect.MultitransformedIterator.hasNext(MultitransformedIterator.java:50)
	at com.google.common.collect.ImmutableList.copyOf(ImmutableList.java:249)
	at com.google.common.collect.ImmutableList.copyOf(ImmutableList.java:209)
	at com.google.common.collect.FluentIterable.toList(FluentIterable.java:614)
	at springfox.documentation.spring.web.plugins.DocumentationPluginsBootstrapper.defaultContextBuilder(DocumentationPluginsBootstrapper.java:111)
	at springfox.documentation.spring.web.plugins.DocumentationPluginsBootstrapper.buildContext(DocumentationPluginsBootstrapper.java:96)
	at springfox.documentation.spring.web.plugins.DocumentationPluginsBootstrapper.start(DocumentationPluginsBootstrapper.java:167)
	at org.springframework.context.support.DefaultLifecycleProcessor.doStart(DefaultLifecycleProcessor.java:178)
	... 14 common frames omitted
2022-03-31 17:46:26 INFO  -[traceid: ] -[main] com.tools.commonservice.CommonServiceApplication.logStarting:55  Starting CommonServiceApplication using Java 1.8.0_302 on gaoooyh-3.local with PID 30522 (/Users/gaoyinghan/workspace/myPorject/common-service/build/classes/java/main started by gaoyinghan in /Users/gaoyinghan/workspace/myPorject/common-service)
2022-03-31 17:46:26 INFO  -[traceid: ] -[main] com.tools.commonservice.CommonServiceApplication.logStartupProfileInfo:635  No active profile set, falling back to default profiles: default
2022-03-31 17:46:26 INFO  -[traceid: ] -[background-preinit] org.hibernate.validator.internal.util.Version.<clinit>:21  HV000001: Hibernate Validator 6.2.0.Final
2022-03-31 17:46:26 INFO  -[traceid: ] -[main] org.springframework.data.repository.config.RepositoryConfigurationDelegate.multipleStoresDetected:262  Multiple Spring Data modules found, entering strict repository configuration mode!
2022-03-31 17:46:26 INFO  -[traceid: ] -[main] org.springframework.data.repository.config.RepositoryConfigurationDelegate.registerRepositoriesIn:132  Bootstrapping Spring Data Redis repositories in DEFAULT mode.
2022-03-31 17:46:26 INFO  -[traceid: ] -[main] org.springframework.data.repository.config.RepositoryConfigurationDelegate.registerRepositoriesIn:201  Finished Spring Data repository scanning in 4 ms. Found 0 Redis repository interfaces.
2022-03-31 17:46:26 INFO  -[traceid: ] -[main] org.springframework.boot.web.embedded.tomcat.TomcatWebServer.initialize:108  Tomcat initialized with port(s): 8080 (http)
2022-03-31 17:46:26 INFO  -[traceid: ] -[main] org.apache.coyote.http11.Http11NioProtocol.log:173  Initializing ProtocolHandler ["http-nio-8080"]
2022-03-31 17:46:26 INFO  -[traceid: ] -[main] org.apache.catalina.core.StandardService.log:173  Starting service [Tomcat]
2022-03-31 17:46:26 INFO  -[traceid: ] -[main] org.apache.catalina.core.StandardEngine.log:173  Starting Servlet engine: [Apache Tomcat/9.0.56]
2022-03-31 17:46:26 INFO  -[traceid: ] -[main] org.apache.catalina.core.ContainerBase.[Tomcat].[localhost].[/].log:173  Initializing Spring embedded WebApplicationContext
2022-03-31 17:46:26 INFO  -[traceid: ] -[main] org.springframework.boot.web.servlet.context.ServletWebServerApplicationContext.prepareWebApplicationContext:290  Root WebApplicationContext: initialization completed in 632 ms
2022-03-31 17:46:27 INFO  -[traceid: ] -[main] springfox.documentation.spring.web.PropertySourcedRequestMappingHandlerMapping.initHandlerMethods:69  Mapped URL path [/v2/api-docs] onto method [springfox.documentation.swagger2.web.Swagger2Controller#getDocumentation(String, HttpServletRequest)]
2022-03-31 17:46:27 INFO  -[traceid: ] -[main] org.apache.coyote.http11.Http11NioProtocol.log:173  Starting ProtocolHandler ["http-nio-8080"]
2022-03-31 17:46:27 INFO  -[traceid: ] -[main] org.springframework.boot.web.embedded.tomcat.TomcatWebServer.start:220  Tomcat started on port(s): 8080 (http) with context path ''
2022-03-31 17:46:27 INFO  -[traceid: ] -[main] springfox.documentation.spring.web.plugins.DocumentationPluginsBootstrapper.start:160  Context refreshed
2022-03-31 17:46:27 INFO  -[traceid: ] -[main] springfox.documentation.spring.web.plugins.DocumentationPluginsBootstrapper.start:163  Found 1 custom documentation plugin(s)
2022-03-31 17:46:27 INFO  -[traceid: ] -[main] springfox.documentation.spring.web.scanners.ApiListingReferenceScanner.scan:41  Scanning for api listing references
2022-03-31 17:46:27 INFO  -[traceid: ] -[main] springfox.documentation.spring.web.readers.operation.CachingOperationNameGenerator.startingWith:40  Generating unique operation named: getOneUsingGET_1
2022-03-31 17:46:27 INFO  -[traceid: ] -[main] springfox.documentation.spring.web.readers.operation.CachingOperationNameGenerator.startingWith:40  Generating unique operation named: getOneUsingHEAD_1
2022-03-31 17:46:27 INFO  -[traceid: ] -[main] springfox.documentation.spring.web.readers.operation.CachingOperationNameGenerator.startingWith:40  Generating unique operation named: getOneUsingPOST_1
2022-03-31 17:46:27 INFO  -[traceid: ] -[main] springfox.documentation.spring.web.readers.operation.CachingOperationNameGenerator.startingWith:40  Generating unique operation named: getOneUsingPUT_1
2022-03-31 17:46:27 INFO  -[traceid: ] -[main] springfox.documentation.spring.web.readers.operation.CachingOperationNameGenerator.startingWith:40  Generating unique operation named: getOneUsingPATCH_1
2022-03-31 17:46:27 INFO  -[traceid: ] -[main] springfox.documentation.spring.web.readers.operation.CachingOperationNameGenerator.startingWith:40  Generating unique operation named: getOneUsingDELETE_1
2022-03-31 17:46:27 INFO  -[traceid: ] -[main] springfox.documentation.spring.web.readers.operation.CachingOperationNameGenerator.startingWith:40  Generating unique operation named: getOneUsingOPTIONS_1
2022-03-31 17:46:27 INFO  -[traceid: ] -[main] springfox.documentation.spring.web.readers.operation.CachingOperationNameGenerator.startingWith:40  Generating unique operation named: getOneUsingTRACE_1
2022-03-31 17:46:27 INFO  -[traceid: ] -[main] com.tools.commonservice.CommonServiceApplication.logStarted:61  Started CommonServiceApplication in 1.394 seconds (JVM running for 2.585)
2022-03-31 17:49:10 INFO  -[traceid: ] -[background-preinit] org.hibernate.validator.internal.util.Version.<clinit>:21  HV000001: Hibernate Validator 6.2.0.Final
2022-03-31 17:49:10 INFO  -[traceid: ] -[main] com.tools.commonservice.CommonServiceApplication.logStarting:55  Starting CommonServiceApplication using Java 1.8.0_302 on gaoooyh-3.local with PID 30574 (/Users/gaoyinghan/workspace/myPorject/common-service/build/classes/java/main started by gaoyinghan in /Users/gaoyinghan/workspace/myPorject/common-service)
2022-03-31 17:49:10 INFO  -[traceid: ] -[main] com.tools.commonservice.CommonServiceApplication.logStartupProfileInfo:635  No active profile set, falling back to default profiles: default
2022-03-31 17:49:11 INFO  -[traceid: ] -[main] org.springframework.data.repository.config.RepositoryConfigurationDelegate.multipleStoresDetected:262  Multiple Spring Data modules found, entering strict repository configuration mode!
2022-03-31 17:49:11 INFO  -[traceid: ] -[main] org.springframework.data.repository.config.RepositoryConfigurationDelegate.registerRepositoriesIn:132  Bootstrapping Spring Data Redis repositories in DEFAULT mode.
2022-03-31 17:49:11 INFO  -[traceid: ] -[main] org.springframework.data.repository.config.RepositoryConfigurationDelegate.registerRepositoriesIn:201  Finished Spring Data repository scanning in 3 ms. Found 0 Redis repository interfaces.
2022-03-31 17:49:11 INFO  -[traceid: ] -[main] org.springframework.boot.web.embedded.tomcat.TomcatWebServer.initialize:108  Tomcat initialized with port(s): 8080 (http)
2022-03-31 17:49:11 INFO  -[traceid: ] -[main] org.apache.coyote.http11.Http11NioProtocol.log:173  Initializing ProtocolHandler ["http-nio-8080"]
2022-03-31 17:49:11 INFO  -[traceid: ] -[main] org.apache.catalina.core.StandardService.log:173  Starting service [Tomcat]
2022-03-31 17:49:11 INFO  -[traceid: ] -[main] org.apache.catalina.core.StandardEngine.log:173  Starting Servlet engine: [Apache Tomcat/9.0.56]
2022-03-31 17:49:11 INFO  -[traceid: ] -[main] org.apache.catalina.core.ContainerBase.[Tomcat].[localhost].[/].log:173  Initializing Spring embedded WebApplicationContext
2022-03-31 17:49:11 INFO  -[traceid: ] -[main] org.springframework.boot.web.servlet.context.ServletWebServerApplicationContext.prepareWebApplicationContext:290  Root WebApplicationContext: initialization completed in 566 ms
2022-03-31 17:49:11 INFO  -[traceid: ] -[main] springfox.documentation.spring.web.PropertySourcedRequestMappingHandlerMapping.initHandlerMethods:69  Mapped URL path [/v2/api-docs] onto method [springfox.documentation.swagger2.web.Swagger2Controller#getDocumentation(String, HttpServletRequest)]
2022-03-31 17:49:11 INFO  -[traceid: ] -[main] org.apache.coyote.http11.Http11NioProtocol.log:173  Starting ProtocolHandler ["http-nio-8080"]
2022-03-31 17:49:11 INFO  -[traceid: ] -[main] org.springframework.boot.web.embedded.tomcat.TomcatWebServer.start:220  Tomcat started on port(s): 8080 (http) with context path ''
2022-03-31 17:49:11 INFO  -[traceid: ] -[main] springfox.documentation.spring.web.plugins.DocumentationPluginsBootstrapper.start:160  Context refreshed
2022-03-31 17:49:11 INFO  -[traceid: ] -[main] springfox.documentation.spring.web.plugins.DocumentationPluginsBootstrapper.start:163  Found 1 custom documentation plugin(s)
2022-03-31 17:49:11 INFO  -[traceid: ] -[main] springfox.documentation.spring.web.scanners.ApiListingReferenceScanner.scan:41  Scanning for api listing references
2022-03-31 17:49:12 INFO  -[traceid: ] -[main] springfox.documentation.spring.web.readers.operation.CachingOperationNameGenerator.startingWith:40  Generating unique operation named: getOneUsingGET_1
2022-03-31 17:49:12 INFO  -[traceid: ] -[main] springfox.documentation.spring.web.readers.operation.CachingOperationNameGenerator.startingWith:40  Generating unique operation named: getOneUsingHEAD_1
2022-03-31 17:49:12 INFO  -[traceid: ] -[main] springfox.documentation.spring.web.readers.operation.CachingOperationNameGenerator.startingWith:40  Generating unique operation named: getOneUsingPOST_1
2022-03-31 17:49:12 INFO  -[traceid: ] -[main] springfox.documentation.spring.web.readers.operation.CachingOperationNameGenerator.startingWith:40  Generating unique operation named: getOneUsingPUT_1
2022-03-31 17:49:12 INFO  -[traceid: ] -[main] springfox.documentation.spring.web.readers.operation.CachingOperationNameGenerator.startingWith:40  Generating unique operation named: getOneUsingPATCH_1
2022-03-31 17:49:12 INFO  -[traceid: ] -[main] springfox.documentation.spring.web.readers.operation.CachingOperationNameGenerator.startingWith:40  Generating unique operation named: getOneUsingDELETE_1
2022-03-31 17:49:12 INFO  -[traceid: ] -[main] springfox.documentation.spring.web.readers.operation.CachingOperationNameGenerator.startingWith:40  Generating unique operation named: getOneUsingOPTIONS_1
2022-03-31 17:49:12 INFO  -[traceid: ] -[main] springfox.documentation.spring.web.readers.operation.CachingOperationNameGenerator.startingWith:40  Generating unique operation named: getOneUsingTRACE_1
2022-03-31 17:49:12 INFO  -[traceid: ] -[main] com.tools.commonservice.CommonServiceApplication.logStarted:61  Started CommonServiceApplication in 1.318 seconds (JVM running for 1.827)
2022-03-31 17:49:16 INFO  -[traceid: ] -[http-nio-8080-exec-1] org.apache.catalina.core.ContainerBase.[Tomcat].[localhost].[/].log:173  Initializing Spring DispatcherServlet 'dispatcherServlet'
2022-03-31 17:49:16 INFO  -[traceid: ] -[http-nio-8080-exec-1] org.springframework.web.servlet.DispatcherServlet.initServletBean:525  Initializing Servlet 'dispatcherServlet'
2022-03-31 17:49:16 INFO  -[traceid: ] -[http-nio-8080-exec-1] org.springframework.web.servlet.DispatcherServlet.initServletBean:547  Completed initialization in 1 ms
2022-03-31 17:49:16 WARN  -[traceid: ] -[http-nio-8080-exec-1] com.tools.commonservice.exception.GlobalExceptionResolver.resolveException:59  
2022-03-31 17:51:51 INFO  -[traceid: ] -[background-preinit] org.hibernate.validator.internal.util.Version.<clinit>:21  HV000001: Hibernate Validator 6.2.0.Final
2022-03-31 17:51:51 INFO  -[traceid: ] -[main] com.tools.commonservice.CommonServiceApplication.logStarting:55  Starting CommonServiceApplication using Java 1.8.0_302 on gaoooyh-3.local with PID 30639 (/Users/gaoyinghan/workspace/myPorject/common-service/build/classes/java/main started by gaoyinghan in /Users/gaoyinghan/workspace/myPorject/common-service)
2022-03-31 17:51:51 INFO  -[traceid: ] -[main] com.tools.commonservice.CommonServiceApplication.logStartupProfileInfo:635  No active profile set, falling back to default profiles: default
2022-03-31 17:51:52 INFO  -[traceid: ] -[main] org.springframework.data.repository.config.RepositoryConfigurationDelegate.multipleStoresDetected:262  Multiple Spring Data modules found, entering strict repository configuration mode!
2022-03-31 17:51:52 INFO  -[traceid: ] -[main] org.springframework.data.repository.config.RepositoryConfigurationDelegate.registerRepositoriesIn:132  Bootstrapping Spring Data Redis repositories in DEFAULT mode.
2022-03-31 17:51:52 INFO  -[traceid: ] -[main] org.springframework.data.repository.config.RepositoryConfigurationDelegate.registerRepositoriesIn:201  Finished Spring Data repository scanning in 4 ms. Found 0 Redis repository interfaces.
2022-03-31 17:51:52 INFO  -[traceid: ] -[main] org.springframework.boot.web.embedded.tomcat.TomcatWebServer.initialize:108  Tomcat initialized with port(s): 8080 (http)
2022-03-31 17:51:52 INFO  -[traceid: ] -[main] org.apache.coyote.http11.Http11NioProtocol.log:173  Initializing ProtocolHandler ["http-nio-8080"]
2022-03-31 17:51:52 INFO  -[traceid: ] -[main] org.apache.catalina.core.StandardService.log:173  Starting service [Tomcat]
2022-03-31 17:51:52 INFO  -[traceid: ] -[main] org.apache.catalina.core.StandardEngine.log:173  Starting Servlet engine: [Apache Tomcat/9.0.56]
2022-03-31 17:51:52 INFO  -[traceid: ] -[main] org.apache.catalina.core.ContainerBase.[Tomcat].[localhost].[/].log:173  Initializing Spring embedded WebApplicationContext
2022-03-31 17:51:52 INFO  -[traceid: ] -[main] org.springframework.boot.web.servlet.context.ServletWebServerApplicationContext.prepareWebApplicationContext:290  Root WebApplicationContext: initialization completed in 670 ms
2022-03-31 17:51:52 INFO  -[traceid: ] -[main] springfox.documentation.spring.web.PropertySourcedRequestMappingHandlerMapping.initHandlerMethods:69  Mapped URL path [/v2/api-docs] onto method [springfox.documentation.swagger2.web.Swagger2Controller#getDocumentation(String, HttpServletRequest)]
2022-03-31 17:51:53 INFO  -[traceid: ] -[main] org.apache.coyote.http11.Http11NioProtocol.log:173  Starting ProtocolHandler ["http-nio-8080"]
2022-03-31 17:51:53 INFO  -[traceid: ] -[main] org.springframework.boot.web.embedded.tomcat.TomcatWebServer.start:220  Tomcat started on port(s): 8080 (http) with context path ''
2022-03-31 17:51:53 INFO  -[traceid: ] -[main] springfox.documentation.spring.web.plugins.DocumentationPluginsBootstrapper.start:160  Context refreshed
2022-03-31 17:51:53 INFO  -[traceid: ] -[main] springfox.documentation.spring.web.plugins.DocumentationPluginsBootstrapper.start:163  Found 1 custom documentation plugin(s)
2022-03-31 17:51:53 INFO  -[traceid: ] -[main] springfox.documentation.spring.web.scanners.ApiListingReferenceScanner.scan:41  Scanning for api listing references
2022-03-31 17:51:53 INFO  -[traceid: ] -[main] springfox.documentation.spring.web.readers.operation.CachingOperationNameGenerator.startingWith:40  Generating unique operation named: getOneUsingGET_1
2022-03-31 17:51:53 INFO  -[traceid: ] -[main] springfox.documentation.spring.web.readers.operation.CachingOperationNameGenerator.startingWith:40  Generating unique operation named: getOneUsingHEAD_1
2022-03-31 17:51:53 INFO  -[traceid: ] -[main] springfox.documentation.spring.web.readers.operation.CachingOperationNameGenerator.startingWith:40  Generating unique operation named: getOneUsingPOST_1
2022-03-31 17:51:53 INFO  -[traceid: ] -[main] springfox.documentation.spring.web.readers.operation.CachingOperationNameGenerator.startingWith:40  Generating unique operation named: getOneUsingPUT_1
2022-03-31 17:51:53 INFO  -[traceid: ] -[main] springfox.documentation.spring.web.readers.operation.CachingOperationNameGenerator.startingWith:40  Generating unique operation named: getOneUsingPATCH_1
2022-03-31 17:51:53 INFO  -[traceid: ] -[main] springfox.documentation.spring.web.readers.operation.CachingOperationNameGenerator.startingWith:40  Generating unique operation named: getOneUsingDELETE_1
2022-03-31 17:51:53 INFO  -[traceid: ] -[main] springfox.documentation.spring.web.readers.operation.CachingOperationNameGenerator.startingWith:40  Generating unique operation named: getOneUsingOPTIONS_1
2022-03-31 17:51:53 INFO  -[traceid: ] -[main] springfox.documentation.spring.web.readers.operation.CachingOperationNameGenerator.startingWith:40  Generating unique operation named: getOneUsingTRACE_1
2022-03-31 17:51:53 INFO  -[traceid: ] -[main] com.tools.commonservice.CommonServiceApplication.logStarted:61  Started CommonServiceApplication in 1.457 seconds (JVM running for 1.857)
2022-03-31 17:51:55 INFO  -[traceid: ] -[http-nio-8080-exec-1] org.apache.catalina.core.ContainerBase.[Tomcat].[localhost].[/].log:173  Initializing Spring DispatcherServlet 'dispatcherServlet'
2022-03-31 17:51:55 INFO  -[traceid: ] -[http-nio-8080-exec-1] org.springframework.web.servlet.DispatcherServlet.initServletBean:525  Initializing Servlet 'dispatcherServlet'
2022-03-31 17:51:55 INFO  -[traceid: ] -[http-nio-8080-exec-1] org.springframework.web.servlet.DispatcherServlet.initServletBean:547  Completed initialization in 1 ms
2022-03-31 17:51:55 WARN  -[traceid: ] -[http-nio-8080-exec-1] org.springframework.web.servlet.PageNotFound.noHandlerFound:1278  No mapping for GET /swagger-ui.html
2022-03-31 17:55:09 INFO  -[traceid: ] -[background-preinit] org.hibernate.validator.internal.util.Version.<clinit>:21  HV000001: Hibernate Validator 6.2.0.Final
2022-03-31 17:55:09 INFO  -[traceid: ] -[main] com.tools.commonservice.CommonServiceApplication.logStarting:55  Starting CommonServiceApplication using Java 1.8.0_302 on gaoooyh-3.local with PID 30730 (/Users/gaoyinghan/workspace/myPorject/common-service/build/classes/java/main started by gaoyinghan in /Users/gaoyinghan/workspace/myPorject/common-service)
2022-03-31 17:55:09 INFO  -[traceid: ] -[main] com.tools.commonservice.CommonServiceApplication.logStartupProfileInfo:635  No active profile set, falling back to default profiles: default
2022-03-31 17:55:10 INFO  -[traceid: ] -[main] org.springframework.data.repository.config.RepositoryConfigurationDelegate.multipleStoresDetected:262  Multiple Spring Data modules found, entering strict repository configuration mode!
2022-03-31 17:55:10 INFO  -[traceid: ] -[main] org.springframework.data.repository.config.RepositoryConfigurationDelegate.registerRepositoriesIn:132  Bootstrapping Spring Data Redis repositories in DEFAULT mode.
2022-03-31 17:55:10 INFO  -[traceid: ] -[main] org.springframework.data.repository.config.RepositoryConfigurationDelegate.registerRepositoriesIn:201  Finished Spring Data repository scanning in 4 ms. Found 0 Redis repository interfaces.
2022-03-31 17:55:10 INFO  -[traceid: ] -[main] org.springframework.boot.web.embedded.tomcat.TomcatWebServer.initialize:108  Tomcat initialized with port(s): 8080 (http)
2022-03-31 17:55:10 INFO  -[traceid: ] -[main] org.apache.coyote.http11.Http11NioProtocol.log:173  Initializing ProtocolHandler ["http-nio-8080"]
2022-03-31 17:55:10 INFO  -[traceid: ] -[main] org.apache.catalina.core.StandardService.log:173  Starting service [Tomcat]
2022-03-31 17:55:10 INFO  -[traceid: ] -[main] org.apache.catalina.core.StandardEngine.log:173  Starting Servlet engine: [Apache Tomcat/9.0.56]
2022-03-31 17:55:10 INFO  -[traceid: ] -[main] org.apache.catalina.core.ContainerBase.[Tomcat].[localhost].[/].log:173  Initializing Spring embedded WebApplicationContext
2022-03-31 17:55:10 INFO  -[traceid: ] -[main] org.springframework.boot.web.servlet.context.ServletWebServerApplicationContext.prepareWebApplicationContext:290  Root WebApplicationContext: initialization completed in 699 ms
2022-03-31 17:55:10 INFO  -[traceid: ] -[main] springfox.documentation.spring.web.PropertySourcedRequestMappingHandlerMapping.initHandlerMethods:69  Mapped URL path [/v2/api-docs] onto method [springfox.documentation.swagger2.web.Swagger2Controller#getDocumentation(String, HttpServletRequest)]
2022-03-31 17:55:10 INFO  -[traceid: ] -[main] org.apache.coyote.http11.Http11NioProtocol.log:173  Starting ProtocolHandler ["http-nio-8080"]
2022-03-31 17:55:10 INFO  -[traceid: ] -[main] org.springframework.boot.web.embedded.tomcat.TomcatWebServer.start:220  Tomcat started on port(s): 8080 (http) with context path ''
2022-03-31 17:55:10 INFO  -[traceid: ] -[main] springfox.documentation.spring.web.plugins.DocumentationPluginsBootstrapper.start:160  Context refreshed
2022-03-31 17:55:10 INFO  -[traceid: ] -[main] springfox.documentation.spring.web.plugins.DocumentationPluginsBootstrapper.start:163  Found 1 custom documentation plugin(s)
2022-03-31 17:55:10 INFO  -[traceid: ] -[main] springfox.documentation.spring.web.scanners.ApiListingReferenceScanner.scan:41  Scanning for api listing references
2022-03-31 17:55:11 INFO  -[traceid: ] -[main] springfox.documentation.spring.web.readers.operation.CachingOperationNameGenerator.startingWith:40  Generating unique operation named: getOneUsingGET_1
2022-03-31 17:55:11 INFO  -[traceid: ] -[main] springfox.documentation.spring.web.readers.operation.CachingOperationNameGenerator.startingWith:40  Generating unique operation named: getOneUsingHEAD_1
2022-03-31 17:55:11 INFO  -[traceid: ] -[main] springfox.documentation.spring.web.readers.operation.CachingOperationNameGenerator.startingWith:40  Generating unique operation named: getOneUsingPOST_1
2022-03-31 17:55:11 INFO  -[traceid: ] -[main] springfox.documentation.spring.web.readers.operation.CachingOperationNameGenerator.startingWith:40  Generating unique operation named: getOneUsingPUT_1
2022-03-31 17:55:11 INFO  -[traceid: ] -[main] springfox.documentation.spring.web.readers.operation.CachingOperationNameGenerator.startingWith:40  Generating unique operation named: getOneUsingPATCH_1
2022-03-31 17:55:11 INFO  -[traceid: ] -[main] springfox.documentation.spring.web.readers.operation.CachingOperationNameGenerator.startingWith:40  Generating unique operation named: getOneUsingDELETE_1
2022-03-31 17:55:11 INFO  -[traceid: ] -[main] springfox.documentation.spring.web.readers.operation.CachingOperationNameGenerator.startingWith:40  Generating unique operation named: getOneUsingOPTIONS_1
2022-03-31 17:55:11 INFO  -[traceid: ] -[main] springfox.documentation.spring.web.readers.operation.CachingOperationNameGenerator.startingWith:40  Generating unique operation named: getOneUsingTRACE_1
2022-03-31 17:55:11 INFO  -[traceid: ] -[main] com.tools.commonservice.CommonServiceApplication.logStarted:61  Started CommonServiceApplication in 1.502 seconds (JVM running for 1.805)
2022-03-31 17:55:12 INFO  -[traceid: ] -[http-nio-8080-exec-1] org.apache.catalina.core.ContainerBase.[Tomcat].[localhost].[/].log:173  Initializing Spring DispatcherServlet 'dispatcherServlet'
2022-03-31 17:55:12 INFO  -[traceid: ] -[http-nio-8080-exec-1] org.springframework.web.servlet.DispatcherServlet.initServletBean:525  Initializing Servlet 'dispatcherServlet'
2022-03-31 17:55:12 INFO  -[traceid: ] -[http-nio-8080-exec-1] org.springframework.web.servlet.DispatcherServlet.initServletBean:547  Completed initialization in 2 ms
2022-03-31 17:55:12 WARN  -[traceid: ] -[http-nio-8080-exec-1] org.springframework.web.servlet.PageNotFound.noHandlerFound:1278  No mapping for GET /swagger-ui.html
2022-03-31 17:56:38 INFO  -[traceid: ] -[main] com.tools.commonservice.CommonServiceApplication.logStarting:55  Starting CommonServiceApplication using Java 1.8.0_302 on gaoooyh-3.local with PID 30757 (/Users/gaoyinghan/workspace/myPorject/common-service/build/classes/java/main started by gaoyinghan in /Users/gaoyinghan/workspace/myPorject/common-service)
2022-03-31 17:56:38 INFO  -[traceid: ] -[background-preinit] org.hibernate.validator.internal.util.Version.<clinit>:21  HV000001: Hibernate Validator 6.2.0.Final
2022-03-31 17:56:38 INFO  -[traceid: ] -[main] com.tools.commonservice.CommonServiceApplication.logStartupProfileInfo:635  No active profile set, falling back to default profiles: default
2022-03-31 17:56:38 INFO  -[traceid: ] -[main] org.springframework.data.repository.config.RepositoryConfigurationDelegate.multipleStoresDetected:262  Multiple Spring Data modules found, entering strict repository configuration mode!
2022-03-31 17:56:38 INFO  -[traceid: ] -[main] org.springframework.data.repository.config.RepositoryConfigurationDelegate.registerRepositoriesIn:132  Bootstrapping Spring Data Redis repositories in DEFAULT mode.
2022-03-31 17:56:38 INFO  -[traceid: ] -[main] org.springframework.data.repository.config.RepositoryConfigurationDelegate.registerRepositoriesIn:201  Finished Spring Data repository scanning in 3 ms. Found 0 Redis repository interfaces.
2022-03-31 17:56:38 INFO  -[traceid: ] -[main] org.springframework.boot.web.embedded.tomcat.TomcatWebServer.initialize:108  Tomcat initialized with port(s): 8080 (http)
2022-03-31 17:56:38 INFO  -[traceid: ] -[main] org.apache.coyote.http11.Http11NioProtocol.log:173  Initializing ProtocolHandler ["http-nio-8080"]
2022-03-31 17:56:38 INFO  -[traceid: ] -[main] org.apache.catalina.core.StandardService.log:173  Starting service [Tomcat]
2022-03-31 17:56:38 INFO  -[traceid: ] -[main] org.apache.catalina.core.StandardEngine.log:173  Starting Servlet engine: [Apache Tomcat/9.0.56]
2022-03-31 17:56:38 INFO  -[traceid: ] -[main] org.apache.catalina.core.ContainerBase.[Tomcat].[localhost].[/].log:173  Initializing Spring embedded WebApplicationContext
2022-03-31 17:56:38 INFO  -[traceid: ] -[main] org.springframework.boot.web.servlet.context.ServletWebServerApplicationContext.prepareWebApplicationContext:290  Root WebApplicationContext: initialization completed in 576 ms
2022-03-31 17:56:39 INFO  -[traceid: ] -[main] springfox.documentation.spring.web.PropertySourcedRequestMappingHandlerMapping.initHandlerMethods:69  Mapped URL path [/v2/api-docs] onto method [springfox.documentation.swagger2.web.Swagger2Controller#getDocumentation(String, HttpServletRequest)]
2022-03-31 17:56:39 INFO  -[traceid: ] -[main] org.apache.coyote.http11.Http11NioProtocol.log:173  Starting ProtocolHandler ["http-nio-8080"]
2022-03-31 17:56:39 INFO  -[traceid: ] -[main] org.springframework.boot.web.embedded.tomcat.TomcatWebServer.start:220  Tomcat started on port(s): 8080 (http) with context path ''
2022-03-31 17:56:39 INFO  -[traceid: ] -[main] springfox.documentation.spring.web.plugins.DocumentationPluginsBootstrapper.start:160  Context refreshed
2022-03-31 17:56:39 INFO  -[traceid: ] -[main] springfox.documentation.spring.web.plugins.DocumentationPluginsBootstrapper.start:163  Found 1 custom documentation plugin(s)
2022-03-31 17:56:39 INFO  -[traceid: ] -[main] springfox.documentation.spring.web.scanners.ApiListingReferenceScanner.scan:41  Scanning for api listing references
2022-03-31 17:56:39 INFO  -[traceid: ] -[main] springfox.documentation.spring.web.readers.operation.CachingOperationNameGenerator.startingWith:40  Generating unique operation named: getOneUsingGET_1
2022-03-31 17:56:39 INFO  -[traceid: ] -[main] springfox.documentation.spring.web.readers.operation.CachingOperationNameGenerator.startingWith:40  Generating unique operation named: getOneUsingHEAD_1
2022-03-31 17:56:39 INFO  -[traceid: ] -[main] springfox.documentation.spring.web.readers.operation.CachingOperationNameGenerator.startingWith:40  Generating unique operation named: getOneUsingPOST_1
2022-03-31 17:56:39 INFO  -[traceid: ] -[main] springfox.documentation.spring.web.readers.operation.CachingOperationNameGenerator.startingWith:40  Generating unique operation named: getOneUsingPUT_1
2022-03-31 17:56:39 INFO  -[traceid: ] -[main] springfox.documentation.spring.web.readers.operation.CachingOperationNameGenerator.startingWith:40  Generating unique operation named: getOneUsingPATCH_1
2022-03-31 17:56:39 INFO  -[traceid: ] -[main] springfox.documentation.spring.web.readers.operation.CachingOperationNameGenerator.startingWith:40  Generating unique operation named: getOneUsingDELETE_1
2022-03-31 17:56:39 INFO  -[traceid: ] -[main] springfox.documentation.spring.web.readers.operation.CachingOperationNameGenerator.startingWith:40  Generating unique operation named: getOneUsingOPTIONS_1
2022-03-31 17:56:39 INFO  -[traceid: ] -[main] springfox.documentation.spring.web.readers.operation.CachingOperationNameGenerator.startingWith:40  Generating unique operation named: getOneUsingTRACE_1
2022-03-31 17:56:39 INFO  -[traceid: ] -[main] com.tools.commonservice.CommonServiceApplication.logStarted:61  Started CommonServiceApplication in 1.372 seconds (JVM running for 1.799)
2022-03-31 17:56:45 INFO  -[traceid: ] -[http-nio-8080-exec-2] org.apache.catalina.core.ContainerBase.[Tomcat].[localhost].[/].log:173  Initializing Spring DispatcherServlet 'dispatcherServlet'
2022-03-31 17:56:45 INFO  -[traceid: ] -[http-nio-8080-exec-2] org.springframework.web.servlet.DispatcherServlet.initServletBean:525  Initializing Servlet 'dispatcherServlet'
2022-03-31 17:56:45 INFO  -[traceid: ] -[http-nio-8080-exec-2] org.springframework.web.servlet.DispatcherServlet.initServletBean:547  Completed initialization in 1 ms
2022-03-31 17:56:45 WARN  -[traceid: ] -[http-nio-8080-exec-2] com.tools.commonservice.exception.GlobalExceptionResolver.resolveException:59  
2022-03-31 17:56:58 WARN  -[traceid: ] -[http-nio-8080-exec-3] com.tools.commonservice.exception.GlobalExceptionResolver.resolveException:59  
2022-03-31 17:57:11 INFO  -[traceid: ] -[http-nio-8080-exec-4] com.zaxxer.hikari.HikariDataSource.getConnection:110  HikariPool-1 - Starting...
2022-03-31 17:57:11 INFO  -[traceid: ] -[http-nio-8080-exec-4] com.zaxxer.hikari.HikariDataSource.getConnection:123  HikariPool-1 - Start completed.
2022-03-31 17:58:10 INFO  -[traceid: ] -[SpringApplicationShutdownHook] com.zaxxer.hikari.HikariDataSource.close:350  HikariPool-1 - Shutdown initiated...
2022-03-31 17:58:10 INFO  -[traceid: ] -[SpringApplicationShutdownHook] com.zaxxer.hikari.HikariDataSource.close:352  HikariPool-1 - Shutdown completed.
2022-03-31 17:58:12 INFO  -[traceid: ] -[background-preinit] org.hibernate.validator.internal.util.Version.<clinit>:21  HV000001: Hibernate Validator 6.2.0.Final
2022-03-31 17:58:12 INFO  -[traceid: ] -[main] com.tools.commonservice.CommonServiceApplication.logStarting:55  Starting CommonServiceApplication using Java 1.8.0_302 on gaoooyh-3.local with PID 30800 (/Users/gaoyinghan/workspace/myPorject/common-service/build/classes/java/main started by gaoyinghan in /Users/gaoyinghan/workspace/myPorject/common-service)
2022-03-31 17:58:12 INFO  -[traceid: ] -[main] com.tools.commonservice.CommonServiceApplication.logStartupProfileInfo:635  No active profile set, falling back to default profiles: default
2022-03-31 17:58:12 INFO  -[traceid: ] -[main] org.springframework.data.repository.config.RepositoryConfigurationDelegate.multipleStoresDetected:262  Multiple Spring Data modules found, entering strict repository configuration mode!
2022-03-31 17:58:12 INFO  -[traceid: ] -[main] org.springframework.data.repository.config.RepositoryConfigurationDelegate.registerRepositoriesIn:132  Bootstrapping Spring Data Redis repositories in DEFAULT mode.
2022-03-31 17:58:12 INFO  -[traceid: ] -[main] org.springframework.data.repository.config.RepositoryConfigurationDelegate.registerRepositoriesIn:201  Finished Spring Data repository scanning in 4 ms. Found 0 Redis repository interfaces.
2022-03-31 17:58:12 INFO  -[traceid: ] -[main] org.springframework.boot.web.embedded.tomcat.TomcatWebServer.initialize:108  Tomcat initialized with port(s): 8080 (http)
2022-03-31 17:58:12 INFO  -[traceid: ] -[main] org.apache.coyote.http11.Http11NioProtocol.log:173  Initializing ProtocolHandler ["http-nio-8080"]
2022-03-31 17:58:12 INFO  -[traceid: ] -[main] org.apache.catalina.core.StandardService.log:173  Starting service [Tomcat]
2022-03-31 17:58:12 INFO  -[traceid: ] -[main] org.apache.catalina.core.StandardEngine.log:173  Starting Servlet engine: [Apache Tomcat/9.0.56]
2022-03-31 17:58:12 INFO  -[traceid: ] -[main] org.apache.catalina.core.ContainerBase.[Tomcat].[localhost].[/].log:173  Initializing Spring embedded WebApplicationContext
2022-03-31 17:58:12 INFO  -[traceid: ] -[main] org.springframework.boot.web.servlet.context.ServletWebServerApplicationContext.prepareWebApplicationContext:290  Root WebApplicationContext: initialization completed in 568 ms
2022-03-31 17:58:13 INFO  -[traceid: ] -[main] springfox.documentation.spring.web.PropertySourcedRequestMappingHandlerMapping.initHandlerMethods:69  Mapped URL path [/v2/api-docs] onto method [springfox.documentation.swagger2.web.Swagger2Controller#getDocumentation(String, HttpServletRequest)]
2022-03-31 17:58:13 INFO  -[traceid: ] -[main] org.apache.coyote.http11.Http11NioProtocol.log:173  Starting ProtocolHandler ["http-nio-8080"]
2022-03-31 17:58:13 INFO  -[traceid: ] -[main] org.springframework.boot.web.embedded.tomcat.TomcatWebServer.start:220  Tomcat started on port(s): 8080 (http) with context path ''
2022-03-31 17:58:13 INFO  -[traceid: ] -[main] springfox.documentation.spring.web.plugins.DocumentationPluginsBootstrapper.start:160  Context refreshed
2022-03-31 17:58:13 INFO  -[traceid: ] -[main] springfox.documentation.spring.web.plugins.DocumentationPluginsBootstrapper.start:163  Found 1 custom documentation plugin(s)
2022-03-31 17:58:13 INFO  -[traceid: ] -[main] springfox.documentation.spring.web.scanners.ApiListingReferenceScanner.scan:41  Scanning for api listing references
2022-03-31 17:58:13 INFO  -[traceid: ] -[main] springfox.documentation.spring.web.readers.operation.CachingOperationNameGenerator.startingWith:40  Generating unique operation named: getOneUsingGET_1
2022-03-31 17:58:13 INFO  -[traceid: ] -[main] springfox.documentation.spring.web.readers.operation.CachingOperationNameGenerator.startingWith:40  Generating unique operation named: getOneUsingHEAD_1
2022-03-31 17:58:13 INFO  -[traceid: ] -[main] springfox.documentation.spring.web.readers.operation.CachingOperationNameGenerator.startingWith:40  Generating unique operation named: getOneUsingPOST_1
2022-03-31 17:58:13 INFO  -[traceid: ] -[main] springfox.documentation.spring.web.readers.operation.CachingOperationNameGenerator.startingWith:40  Generating unique operation named: getOneUsingPUT_1
2022-03-31 17:58:13 INFO  -[traceid: ] -[main] springfox.documentation.spring.web.readers.operation.CachingOperationNameGenerator.startingWith:40  Generating unique operation named: getOneUsingPATCH_1
2022-03-31 17:58:13 INFO  -[traceid: ] -[main] springfox.documentation.spring.web.readers.operation.CachingOperationNameGenerator.startingWith:40  Generating unique operation named: getOneUsingDELETE_1
2022-03-31 17:58:13 INFO  -[traceid: ] -[main] springfox.documentation.spring.web.readers.operation.CachingOperationNameGenerator.startingWith:40  Generating unique operation named: getOneUsingOPTIONS_1
2022-03-31 17:58:13 INFO  -[traceid: ] -[main] springfox.documentation.spring.web.readers.operation.CachingOperationNameGenerator.startingWith:40  Generating unique operation named: getOneUsingTRACE_1
2022-03-31 17:58:13 INFO  -[traceid: ] -[main] com.tools.commonservice.CommonServiceApplication.logStarted:61  Started CommonServiceApplication in 1.321 seconds (JVM running for 1.591)
2022-03-31 17:58:20 INFO  -[traceid: ] -[http-nio-8080-exec-2] org.apache.catalina.core.ContainerBase.[Tomcat].[localhost].[/].log:173  Initializing Spring DispatcherServlet 'dispatcherServlet'
2022-03-31 17:58:20 INFO  -[traceid: ] -[http-nio-8080-exec-2] org.springframework.web.servlet.DispatcherServlet.initServletBean:525  Initializing Servlet 'dispatcherServlet'
2022-03-31 17:58:20 INFO  -[traceid: ] -[http-nio-8080-exec-2] org.springframework.web.servlet.DispatcherServlet.initServletBean:547  Completed initialization in 1 ms
2022-03-31 17:58:20 INFO  -[traceid: ] -[http-nio-8080-exec-2] com.zaxxer.hikari.HikariDataSource.getConnection:110  HikariPool-1 - Starting...
2022-03-31 17:58:20 INFO  -[traceid: ] -[http-nio-8080-exec-2] com.zaxxer.hikari.HikariDataSource.getConnection:123  HikariPool-1 - Start completed.
2022-03-31 18:00:50 INFO  -[traceid: ] -[SpringApplicationShutdownHook] com.zaxxer.hikari.HikariDataSource.close:350  HikariPool-1 - Shutdown initiated...
2022-03-31 18:00:50 INFO  -[traceid: ] -[SpringApplicationShutdownHook] com.zaxxer.hikari.HikariDataSource.close:352  HikariPool-1 - Shutdown completed.
2022-03-31 18:00:52 INFO  -[traceid: ] -[main] com.tools.commonservice.CommonServiceApplication.logStarting:55  Starting CommonServiceApplication using Java 1.8.0_302 on gaoooyh-3.local with PID 30855 (/Users/gaoyinghan/workspace/myPorject/common-service/build/classes/java/main started by gaoyinghan in /Users/gaoyinghan/workspace/myPorject/common-service)
2022-03-31 18:00:52 INFO  -[traceid: ] -[background-preinit] org.hibernate.validator.internal.util.Version.<clinit>:21  HV000001: Hibernate Validator 6.2.0.Final
2022-03-31 18:00:52 INFO  -[traceid: ] -[main] com.tools.commonservice.CommonServiceApplication.logStartupProfileInfo:635  No active profile set, falling back to default profiles: default
2022-03-31 18:00:53 INFO  -[traceid: ] -[main] org.springframework.data.repository.config.RepositoryConfigurationDelegate.multipleStoresDetected:262  Multiple Spring Data modules found, entering strict repository configuration mode!
2022-03-31 18:00:53 INFO  -[traceid: ] -[main] org.springframework.data.repository.config.RepositoryConfigurationDelegate.registerRepositoriesIn:132  Bootstrapping Spring Data Redis repositories in DEFAULT mode.
2022-03-31 18:00:53 INFO  -[traceid: ] -[main] org.springframework.data.repository.config.RepositoryConfigurationDelegate.registerRepositoriesIn:201  Finished Spring Data repository scanning in 3 ms. Found 0 Redis repository interfaces.
2022-03-31 18:00:53 INFO  -[traceid: ] -[main] org.springframework.boot.web.embedded.tomcat.TomcatWebServer.initialize:108  Tomcat initialized with port(s): 8080 (http)
2022-03-31 18:00:53 INFO  -[traceid: ] -[main] org.apache.coyote.http11.Http11NioProtocol.log:173  Initializing ProtocolHandler ["http-nio-8080"]
2022-03-31 18:00:53 INFO  -[traceid: ] -[main] org.apache.catalina.core.StandardService.log:173  Starting service [Tomcat]
2022-03-31 18:00:53 INFO  -[traceid: ] -[main] org.apache.catalina.core.StandardEngine.log:173  Starting Servlet engine: [Apache Tomcat/9.0.56]
2022-03-31 18:00:53 INFO  -[traceid: ] -[main] org.apache.catalina.core.ContainerBase.[Tomcat].[localhost].[/].log:173  Initializing Spring embedded WebApplicationContext
2022-03-31 18:00:53 INFO  -[traceid: ] -[main] org.springframework.boot.web.servlet.context.ServletWebServerApplicationContext.prepareWebApplicationContext:290  Root WebApplicationContext: initialization completed in 574 ms
2022-03-31 18:00:53 INFO  -[traceid: ] -[main] springfox.documentation.spring.web.PropertySourcedRequestMappingHandlerMapping.initHandlerMethods:69  Mapped URL path [/v2/api-docs] onto method [springfox.documentation.swagger2.web.Swagger2Controller#getDocumentation(String, HttpServletRequest)]
2022-03-31 18:00:53 INFO  -[traceid: ] -[main] org.apache.coyote.http11.Http11NioProtocol.log:173  Starting ProtocolHandler ["http-nio-8080"]
2022-03-31 18:00:53 INFO  -[traceid: ] -[main] org.springframework.boot.web.embedded.tomcat.TomcatWebServer.start:220  Tomcat started on port(s): 8080 (http) with context path ''
2022-03-31 18:00:53 INFO  -[traceid: ] -[main] springfox.documentation.spring.web.plugins.DocumentationPluginsBootstrapper.start:160  Context refreshed
2022-03-31 18:00:53 INFO  -[traceid: ] -[main] springfox.documentation.spring.web.plugins.DocumentationPluginsBootstrapper.start:163  Found 1 custom documentation plugin(s)
2022-03-31 18:00:53 INFO  -[traceid: ] -[main] springfox.documentation.spring.web.scanners.ApiListingReferenceScanner.scan:41  Scanning for api listing references
2022-03-31 18:00:53 INFO  -[traceid: ] -[main] springfox.documentation.spring.web.readers.operation.CachingOperationNameGenerator.startingWith:40  Generating unique operation named: getOneUsingGET_1
2022-03-31 18:00:53 INFO  -[traceid: ] -[main] springfox.documentation.spring.web.readers.operation.CachingOperationNameGenerator.startingWith:40  Generating unique operation named: getOneUsingHEAD_1
2022-03-31 18:00:53 INFO  -[traceid: ] -[main] springfox.documentation.spring.web.readers.operation.CachingOperationNameGenerator.startingWith:40  Generating unique operation named: getOneUsingPOST_1
2022-03-31 18:00:53 INFO  -[traceid: ] -[main] springfox.documentation.spring.web.readers.operation.CachingOperationNameGenerator.startingWith:40  Generating unique operation named: getOneUsingPUT_1
2022-03-31 18:00:53 INFO  -[traceid: ] -[main] springfox.documentation.spring.web.readers.operation.CachingOperationNameGenerator.startingWith:40  Generating unique operation named: getOneUsingPATCH_1
2022-03-31 18:00:53 INFO  -[traceid: ] -[main] springfox.documentation.spring.web.readers.operation.CachingOperationNameGenerator.startingWith:40  Generating unique operation named: getOneUsingDELETE_1
2022-03-31 18:00:53 INFO  -[traceid: ] -[main] springfox.documentation.spring.web.readers.operation.CachingOperationNameGenerator.startingWith:40  Generating unique operation named: getOneUsingOPTIONS_1
2022-03-31 18:00:53 INFO  -[traceid: ] -[main] springfox.documentation.spring.web.readers.operation.CachingOperationNameGenerator.startingWith:40  Generating unique operation named: getOneUsingTRACE_1
2022-03-31 18:00:53 INFO  -[traceid: ] -[main] com.tools.commonservice.CommonServiceApplication.logStarted:61  Started CommonServiceApplication in 1.378 seconds (JVM running for 1.694)
2022-03-31 18:01:03 INFO  -[traceid: ] -[http-nio-8080-exec-1] org.apache.catalina.core.ContainerBase.[Tomcat].[localhost].[/].log:173  Initializing Spring DispatcherServlet 'dispatcherServlet'
2022-03-31 18:01:03 INFO  -[traceid: ] -[http-nio-8080-exec-1] org.springframework.web.servlet.DispatcherServlet.initServletBean:525  Initializing Servlet 'dispatcherServlet'
2022-03-31 18:01:03 INFO  -[traceid: ] -[http-nio-8080-exec-1] org.springframework.web.servlet.DispatcherServlet.initServletBean:547  Completed initialization in 2 ms
2022-03-31 18:01:03 INFO  -[traceid: ] -[http-nio-8080-exec-1] com.zaxxer.hikari.HikariDataSource.getConnection:110  HikariPool-1 - Starting...
2022-03-31 18:01:03 INFO  -[traceid: ] -[http-nio-8080-exec-1] com.zaxxer.hikari.HikariDataSource.getConnection:123  HikariPool-1 - Start completed.
2022-03-31 18:08:44 WARN  -[traceid: ] -[http-nio-8080-exec-4] com.tools.commonservice.exception.GlobalExceptionResolver.resolveException:59  
2022-03-31 18:18:41 INFO  -[traceid: ] -[SpringApplicationShutdownHook] com.zaxxer.hikari.HikariDataSource.close:350  HikariPool-1 - Shutdown initiated...
2022-03-31 18:18:41 INFO  -[traceid: ] -[SpringApplicationShutdownHook] com.zaxxer.hikari.HikariDataSource.close:352  HikariPool-1 - Shutdown completed.
2022-03-31 18:18:44 INFO  -[traceid: ] -[background-preinit] org.hibernate.validator.internal.util.Version.<clinit>:21  HV000001: Hibernate Validator 6.2.0.Final
2022-03-31 18:18:44 INFO  -[traceid: ] -[main] com.tools.commonservice.CommonServiceApplication.logStarting:55  Starting CommonServiceApplication using Java 1.8.0_302 on gaoooyh-3.local with PID 31197 (/Users/gaoyinghan/workspace/myPorject/common-service/build/classes/java/main started by gaoyinghan in /Users/gaoyinghan/workspace/myPorject/common-service)
2022-03-31 18:18:44 INFO  -[traceid: ] -[main] com.tools.commonservice.CommonServiceApplication.logStartupProfileInfo:635  No active profile set, falling back to default profiles: default
2022-03-31 18:18:44 INFO  -[traceid: ] -[main] org.springframework.data.repository.config.RepositoryConfigurationDelegate.multipleStoresDetected:262  Multiple Spring Data modules found, entering strict repository configuration mode!
2022-03-31 18:18:44 INFO  -[traceid: ] -[main] org.springframework.data.repository.config.RepositoryConfigurationDelegate.registerRepositoriesIn:132  Bootstrapping Spring Data Redis repositories in DEFAULT mode.
2022-03-31 18:18:44 INFO  -[traceid: ] -[main] org.springframework.data.repository.config.RepositoryConfigurationDelegate.registerRepositoriesIn:201  Finished Spring Data repository scanning in 3 ms. Found 0 Redis repository interfaces.
2022-03-31 18:18:44 INFO  -[traceid: ] -[main] org.springframework.boot.web.embedded.tomcat.TomcatWebServer.initialize:108  Tomcat initialized with port(s): 8080 (http)
2022-03-31 18:18:44 INFO  -[traceid: ] -[main] org.apache.coyote.http11.Http11NioProtocol.log:173  Initializing ProtocolHandler ["http-nio-8080"]
2022-03-31 18:18:44 INFO  -[traceid: ] -[main] org.apache.catalina.core.StandardService.log:173  Starting service [Tomcat]
2022-03-31 18:18:44 INFO  -[traceid: ] -[main] org.apache.catalina.core.StandardEngine.log:173  Starting Servlet engine: [Apache Tomcat/9.0.56]
2022-03-31 18:18:44 INFO  -[traceid: ] -[main] org.apache.catalina.core.ContainerBase.[Tomcat].[localhost].[/].log:173  Initializing Spring embedded WebApplicationContext
2022-03-31 18:18:44 INFO  -[traceid: ] -[main] org.springframework.boot.web.servlet.context.ServletWebServerApplicationContext.prepareWebApplicationContext:290  Root WebApplicationContext: initialization completed in 596 ms
2022-03-31 18:18:44 INFO  -[traceid: ] -[main] springfox.documentation.spring.web.PropertySourcedRequestMappingHandlerMapping.initHandlerMethods:69  Mapped URL path [/v2/api-docs] onto method [springfox.documentation.swagger2.web.Swagger2Controller#getDocumentation(String, HttpServletRequest)]
2022-03-31 18:18:45 INFO  -[traceid: ] -[main] org.apache.coyote.http11.Http11NioProtocol.log:173  Starting ProtocolHandler ["http-nio-8080"]
2022-03-31 18:18:45 INFO  -[traceid: ] -[main] org.springframework.boot.web.embedded.tomcat.TomcatWebServer.start:220  Tomcat started on port(s): 8080 (http) with context path ''
2022-03-31 18:18:45 INFO  -[traceid: ] -[main] springfox.documentation.spring.web.plugins.DocumentationPluginsBootstrapper.start:160  Context refreshed
2022-03-31 18:18:45 INFO  -[traceid: ] -[main] springfox.documentation.spring.web.plugins.DocumentationPluginsBootstrapper.start:163  Found 1 custom documentation plugin(s)
2022-03-31 18:18:45 INFO  -[traceid: ] -[main] springfox.documentation.spring.web.scanners.ApiListingReferenceScanner.scan:41  Scanning for api listing references
2022-03-31 18:18:45 INFO  -[traceid: ] -[main] springfox.documentation.spring.web.readers.operation.CachingOperationNameGenerator.startingWith:40  Generating unique operation named: getOneUsingGET_1
2022-03-31 18:18:45 INFO  -[traceid: ] -[main] com.tools.commonservice.CommonServiceApplication.logStarted:61  Started CommonServiceApplication in 1.322 seconds (JVM running for 1.738)
2022-03-31 18:19:01 INFO  -[traceid: ] -[http-nio-8080-exec-2] org.apache.catalina.core.ContainerBase.[Tomcat].[localhost].[/].log:173  Initializing Spring DispatcherServlet 'dispatcherServlet'
2022-03-31 18:19:01 INFO  -[traceid: ] -[http-nio-8080-exec-2] org.springframework.web.servlet.DispatcherServlet.initServletBean:525  Initializing Servlet 'dispatcherServlet'
2022-03-31 18:19:01 INFO  -[traceid: ] -[http-nio-8080-exec-2] org.springframework.web.servlet.DispatcherServlet.initServletBean:547  Completed initialization in 1 ms
2022-03-31 18:19:01 INFO  -[traceid: ] -[http-nio-8080-exec-2] com.zaxxer.hikari.HikariDataSource.getConnection:110  HikariPool-1 - Starting...
2022-03-31 18:19:01 INFO  -[traceid: ] -[http-nio-8080-exec-2] com.zaxxer.hikari.HikariDataSource.getConnection:123  HikariPool-1 - Start completed.
2022-03-31 18:19:17 WARN  -[traceid: ] -[http-nio-8080-exec-3] com.tools.commonservice.exception.GlobalExceptionResolver.resolveException:59  
2022-03-31 18:19:38 WARN  -[traceid: ] -[http-nio-8080-exec-8] com.tools.commonservice.exception.GlobalExceptionResolver.resolveException:59  
